Analysis & Synthesis report for Final
Tue Sep 22 17:31:00 2020
Quartus Prime Version 17.1.0 Build 590 10/25/2017 SJ Lite Edition


---------------------
; Table of Contents ;
---------------------
  1. Legal Notice
  2. Analysis & Synthesis Summary
  3. Analysis & Synthesis Settings
  4. Parallel Compilation
  5. Analysis & Synthesis Source Files Read
  6. Analysis & Synthesis Resource Usage Summary
  7. Analysis & Synthesis Resource Utilization by Entity
  8. General Register Statistics
  9. Multiplexer Restructuring Statistics (Restructuring Performed)
 10. Parameter Settings for User Entity Instance: alu_ns:U_ALU
 11. Parameter Settings for Inferred Entity Instance: alu_ns:U_ALU|lpm_mult:Mult0
 12. lpm_mult Parameter Settings by Entity Instance
 13. Port Connectivity Checks: "decoder7seg:U_LED5"
 14. Port Connectivity Checks: "decoder7seg:U_LED4"
 15. Port Connectivity Checks: "decoder7seg:U_LED3"
 16. Port Connectivity Checks: "decoder7seg:U_LED2"
 17. Port Connectivity Checks: "decoder7seg:U_LED1"
 18. Post-Synthesis Netlist Statistics for Top Partition
 19. Elapsed Time Per Partition
 20. Analysis & Synthesis Messages



----------------
; Legal Notice ;
----------------
Copyright (C) 2017  Intel Corporation. All rights reserved.
Your use of Intel Corporation's design tools, logic functions 
and other software and tools, and its AMPP partner logic 
functions, and any output files from any of the foregoing 
(including device programming or simulation files), and any 
associated documentation or information are expressly subject 
to the terms and conditions of the Intel Program License 
Subscription Agreement, the Intel Quartus Prime License Agreement,
the Intel FPGA IP License Agreement, or other applicable license
agreement, including, without limitation, that your use is for
the sole purpose of programming logic devices manufactured by
Intel and sold by Intel or its authorized distributors.  Please
refer to the applicable agreement for further details.



+----------------------------------------------------------------------------------+
; Analysis & Synthesis Summary                                                     ;
+------------------------------------+---------------------------------------------+
; Analysis & Synthesis Status        ; Successful - Tue Sep 22 17:31:00 2020       ;
; Quartus Prime Version              ; 17.1.0 Build 590 10/25/2017 SJ Lite Edition ;
; Revision Name                      ; Final                                       ;
; Top-level Entity Name              ; top_level                                   ;
; Family                             ; MAX 10                                      ;
; Total logic elements               ; 105                                         ;
;     Total combinational functions  ; 105                                         ;
;     Dedicated logic registers      ; 0                                           ;
; Total registers                    ; 0                                           ;
; Total pins                         ; 60                                          ;
; Total virtual pins                 ; 0                                           ;
; Total memory bits                  ; 0                                           ;
; Embedded Multiplier 9-bit elements ; 0                                           ;
; Total PLLs                         ; 0                                           ;
; UFM blocks                         ; 0                                           ;
; ADC blocks                         ; 0                                           ;
+------------------------------------+---------------------------------------------+


+----------------------------------------------------------------------------------------------------------------------+
; Analysis & Synthesis Settings                                                                                        ;
+----------------------------------------------------------------------------+--------------------+--------------------+
; Option                                                                     ; Setting            ; Default Value      ;
+----------------------------------------------------------------------------+--------------------+--------------------+
; Device                                                                     ; 10M50DAF484C6GES   ;                    ;
; Top-level entity name                                                      ; top_level          ; Final              ;
; Family name                                                                ; MAX 10             ; Cyclone V          ;
; Use smart compilation                                                      ; Off                ; Off                ;
; Enable parallel Assembler and TimeQuest Timing Analyzer during compilation ; On                 ; On                 ;
; Enable compact report table                                                ; Off                ; Off                ;
; Restructure Multiplexers                                                   ; Auto               ; Auto               ;
; Create Debugging Nodes for IP Cores                                        ; Off                ; Off                ;
; Preserve fewer node names                                                  ; On                 ; On                 ;
; Intel FPGA IP Evaluation Mode                                              ; Enable             ; Enable             ;
; Verilog Version                                                            ; Verilog_2001       ; Verilog_2001       ;
; VHDL Version                                                               ; VHDL_1993          ; VHDL_1993          ;
; State Machine Processing                                                   ; Auto               ; Auto               ;
; Safe State Machine                                                         ; Off                ; Off                ;
; Extract Verilog State Machines                                             ; On                 ; On                 ;
; Extract VHDL State Machines                                                ; On                 ; On                 ;
; Ignore Verilog initial constructs                                          ; Off                ; Off                ;
; Iteration limit for constant Verilog loops                                 ; 5000               ; 5000               ;
; Iteration limit for non-constant Verilog loops                             ; 250                ; 250                ;
; Add Pass-Through Logic to Inferred RAMs                                    ; On                 ; On                 ;
; Infer RAMs from Raw Logic                                                  ; On                 ; On                 ;
; Parallel Synthesis                                                         ; On                 ; On                 ;
; DSP Block Balancing                                                        ; Auto               ; Auto               ;
; NOT Gate Push-Back                                                         ; On                 ; On                 ;
; Power-Up Don't Care                                                        ; On                 ; On                 ;
; Remove Redundant Logic Cells                                               ; Off                ; Off                ;
; Remove Duplicate Registers                                                 ; On                 ; On                 ;
; Ignore CARRY Buffers                                                       ; Off                ; Off                ;
; Ignore CASCADE Buffers                                                     ; Off                ; Off                ;
; Ignore GLOBAL Buffers                                                      ; Off                ; Off                ;
; Ignore ROW GLOBAL Buffers                                                  ; Off                ; Off                ;
; Ignore LCELL Buffers                                                       ; Off                ; Off                ;
; Ignore SOFT Buffers                                                        ; On                 ; On                 ;
; Limit AHDL Integers to 32 Bits                                             ; Off                ; Off                ;
; Optimization Technique                                                     ; Balanced           ; Balanced           ;
; Carry Chain Length                                                         ; 70                 ; 70                 ;
; Auto Carry Chains                                                          ; On                 ; On                 ;
; Auto Open-Drain Pins                                                       ; On                 ; On                 ;
; Perform WYSIWYG Primitive Resynthesis                                      ; Off                ; Off                ;
; Auto ROM Replacement                                                       ; On                 ; On                 ;
; Auto RAM Replacement                                                       ; On                 ; On                 ;
; Auto DSP Block Replacement                                                 ; On                 ; On                 ;
; Auto Shift Register Replacement                                            ; Auto               ; Auto               ;
; Allow Shift Register Merging across Hierarchies                            ; Auto               ; Auto               ;
; Auto Clock Enable Replacement                                              ; On                 ; On                 ;
; Strict RAM Replacement                                                     ; Off                ; Off                ;
; Allow Synchronous Control Signals                                          ; On                 ; On                 ;
; Force Use of Synchronous Clear Signals                                     ; Off                ; Off                ;
; Auto RAM Block Balancing                                                   ; On                 ; On                 ;
; Auto RAM to Logic Cell Conversion                                          ; Off                ; Off                ;
; Auto Resource Sharing                                                      ; Off                ; Off                ;
; Allow Any RAM Size For Recognition                                         ; Off                ; Off                ;
; Allow Any ROM Size For Recognition                                         ; Off                ; Off                ;
; Allow Any Shift Register Size For Recognition                              ; Off                ; Off                ;
; Use LogicLock Constraints during Resource Balancing                        ; On                 ; On                 ;
; Ignore translate_off and synthesis_off directives                          ; Off                ; Off                ;
; Timing-Driven Synthesis                                                    ; On                 ; On                 ;
; Report Parameter Settings                                                  ; On                 ; On                 ;
; Report Source Assignments                                                  ; On                 ; On                 ;
; Report Connectivity Checks                                                 ; On                 ; On                 ;
; Ignore Maximum Fan-Out Assignments                                         ; Off                ; Off                ;
; Synchronization Register Chain Length                                      ; 2                  ; 2                  ;
; Power Optimization During Synthesis                                        ; Normal compilation ; Normal compilation ;
; HDL message level                                                          ; Level2             ; Level2             ;
; Suppress Register Optimization Related Messages                            ; Off                ; Off                ;
; Number of Removed Registers Reported in Synthesis Report                   ; 5000               ; 5000               ;
; Number of Swept Nodes Reported in Synthesis Report                         ; 5000               ; 5000               ;
; Number of Inverted Registers Reported in Synthesis Report                  ; 100                ; 100                ;
; Clock MUX Protection                                                       ; On                 ; On                 ;
; Auto Gated Clock Conversion                                                ; Off                ; Off                ;
; Block Design Naming                                                        ; Auto               ; Auto               ;
; SDC constraint protection                                                  ; Off                ; Off                ;
; Synthesis Effort                                                           ; Auto               ; Auto               ;
; Shift Register Replacement - Allow Asynchronous Clear Signal               ; On                 ; On                 ;
; Pre-Mapping Resynthesis Optimization                                       ; Off                ; Off                ;
; Analysis & Synthesis Message Level                                         ; Medium             ; Medium             ;
; Disable Register Merging Across Hierarchies                                ; Auto               ; Auto               ;
; Resource Aware Inference For Block RAM                                     ; On                 ; On                 ;
+----------------------------------------------------------------------------+--------------------+--------------------+


+------------------------------------------+
; Parallel Compilation                     ;
+----------------------------+-------------+
; Processors                 ; Number      ;
+----------------------------+-------------+
; Number detected on machine ; 4           ;
; Maximum allowed            ; 4           ;
;                            ;             ;
; Average used               ; 1.00        ;
; Maximum used               ; 1           ;
;                            ;             ;
; Usage by Processor         ; % Time Used ;
;     Processor 1            ; 100.0%      ;
+----------------------------+-------------+


+----------------------------------------------------------------------------------------------------------------------------------------------------------------------+
; Analysis & Synthesis Source Files Read                                                                                                                               ;
+----------------------------------+-----------------+------------------------------+------------------------------------------------------------------------+---------+
; File Name with User-Entered Path ; Used in Netlist ; File Type                    ; File Name with Absolute Path                                           ; Library ;
+----------------------------------+-----------------+------------------------------+------------------------------------------------------------------------+---------+
; alu_ns.vhd                       ; yes             ; User VHDL File               ; C:/Users/Johnny Li/Desktop/QuartusDD/Lab2/Lab2.4/alu_ns.vhd            ;         ;
; decoder7seg.vhd                  ; yes             ; User VHDL File               ; C:/Users/Johnny Li/Desktop/QuartusDD/Lab2/Lab2.4/decoder7seg.vhd       ;         ;
; top_level.vhd                    ; yes             ; User VHDL File               ; C:/Users/Johnny Li/Desktop/QuartusDD/Lab2/Lab2.4/top_level.vhd         ;         ;
; lpm_mult.tdf                     ; yes             ; Megafunction                 ; c:/intelfpga_lite/17.1/quartus/libraries/megafunctions/lpm_mult.tdf    ;         ;
; aglobal171.inc                   ; yes             ; Megafunction                 ; c:/intelfpga_lite/17.1/quartus/libraries/megafunctions/aglobal171.inc  ;         ;
; lpm_add_sub.inc                  ; yes             ; Megafunction                 ; c:/intelfpga_lite/17.1/quartus/libraries/megafunctions/lpm_add_sub.inc ;         ;
; multcore.inc                     ; yes             ; Megafunction                 ; c:/intelfpga_lite/17.1/quartus/libraries/megafunctions/multcore.inc    ;         ;
; bypassff.inc                     ; yes             ; Megafunction                 ; c:/intelfpga_lite/17.1/quartus/libraries/megafunctions/bypassff.inc    ;         ;
; altshift.inc                     ; yes             ; Megafunction                 ; c:/intelfpga_lite/17.1/quartus/libraries/megafunctions/altshift.inc    ;         ;
; db/mult_9js.tdf                  ; yes             ; Auto-Generated Megafunction  ; C:/Users/Johnny Li/Desktop/QuartusDD/Lab2/Lab2.4/db/mult_9js.tdf       ;         ;
+----------------------------------+-----------------+------------------------------+------------------------------------------------------------------------+---------+


+---------------------------------------------------------------+
; Analysis & Synthesis Resource Usage Summary                   ;
+---------------------------------------------+-----------------+
; Resource                                    ; Usage           ;
+---------------------------------------------+-----------------+
; Estimated Total logic elements              ; 105             ;
;                                             ;                 ;
; Total combinational functions               ; 105             ;
; Logic element usage by number of LUT inputs ;                 ;
;     -- 4 input functions                    ; 55              ;
;     -- 3 input functions                    ; 38              ;
;     -- <=2 input functions                  ; 12              ;
;                                             ;                 ;
; Logic elements by mode                      ;                 ;
;     -- normal mode                          ; 86              ;
;     -- arithmetic mode                      ; 19              ;
;                                             ;                 ;
; Total registers                             ; 0               ;
;     -- Dedicated logic registers            ; 0               ;
;     -- I/O registers                        ; 0               ;
;                                             ;                 ;
; I/O pins                                    ; 60              ;
;                                             ;                 ;
; Embedded Multiplier 9-bit elements          ; 0               ;
;                                             ;                 ;
; Maximum fan-out node                        ; switch[3]~input ;
; Maximum fan-out                             ; 28              ;
; Total fan-out                               ; 424             ;
; Average fan-out                             ; 1.88            ;
+---------------------------------------------+-----------------+


+---------------------------------------------------------------------------------------------------------------------------------------------------------------------------------------------------------------------------------------------------------------------------------------+
; Analysis & Synthesis Resource Utilization by Entity                                                                                                                                                                                                                                   ;
+------------------------------------+---------------------+---------------------------+-------------+------------+--------------+---------+-----------+------+--------------+------------+----------------------------------------------------------------+-------------+--------------+
; Compilation Hierarchy Node         ; Combinational ALUTs ; Dedicated Logic Registers ; Memory Bits ; UFM Blocks ; DSP Elements ; DSP 9x9 ; DSP 18x18 ; Pins ; Virtual Pins ; ADC blocks ; Full Hierarchy Name                                            ; Entity Name ; Library Name ;
+------------------------------------+---------------------+---------------------------+-------------+------------+--------------+---------+-----------+------+--------------+------------+----------------------------------------------------------------+-------------+--------------+
; |top_level                         ; 105 (0)             ; 0 (0)                     ; 0           ; 0          ; 0            ; 0       ; 0         ; 60   ; 0            ; 0          ; |top_level                                                     ; top_level   ; work         ;
;    |alu_ns:U_ALU|                  ; 98 (68)             ; 0 (0)                     ; 0           ; 0          ; 0            ; 0       ; 0         ; 0    ; 0            ; 0          ; |top_level|alu_ns:U_ALU                                        ; alu_ns      ; work         ;
;       |lpm_mult:Mult0|             ; 30 (0)              ; 0 (0)                     ; 0           ; 0          ; 0            ; 0       ; 0         ; 0    ; 0            ; 0          ; |top_level|alu_ns:U_ALU|lpm_mult:Mult0                         ; lpm_mult    ; work         ;
;          |mult_9js:auto_generated| ; 30 (30)             ; 0 (0)                     ; 0           ; 0          ; 0            ; 0       ; 0         ; 0    ; 0            ; 0          ; |top_level|alu_ns:U_ALU|lpm_mult:Mult0|mult_9js:auto_generated ; mult_9js    ; work         ;
;    |decoder7seg:U_LED0|            ; 7 (7)               ; 0 (0)                     ; 0           ; 0          ; 0            ; 0       ; 0         ; 0    ; 0            ; 0          ; |top_level|decoder7seg:U_LED0                                  ; decoder7seg ; work         ;
+------------------------------------+---------------------+---------------------------+-------------+------------+--------------+---------+-----------+------+--------------+------------+----------------------------------------------------------------+-------------+--------------+
Note: For table entries with two numbers listed, the numbers in parentheses indicate the number of resources of the given type used by the specific entity alone. The numbers listed outside of parentheses indicate the total resources of the given type used by the specific entity and all of its sub-entities in the hierarchy.


+------------------------------------------------------+
; General Register Statistics                          ;
+----------------------------------------------+-------+
; Statistic                                    ; Value ;
+----------------------------------------------+-------+
; Total registers                              ; 0     ;
; Number of registers using Synchronous Clear  ; 0     ;
; Number of registers using Synchronous Load   ; 0     ;
; Number of registers using Asynchronous Clear ; 0     ;
; Number of registers using Asynchronous Load  ; 0     ;
; Number of registers using Clock Enable       ; 0     ;
; Number of registers using Preset             ; 0     ;
+----------------------------------------------+-------+


+--------------------------------------------------------------------------------------------------------------------------------------------+
; Multiplexer Restructuring Statistics (Restructuring Performed)                                                                             ;
+--------------------+-----------+---------------+----------------------+------------------------+------------+------------------------------+
; Multiplexer Inputs ; Bus Width ; Baseline Area ; Area if Restructured ; Saving if Restructured ; Registered ; Example Multiplexer Output   ;
+--------------------+-----------+---------------+----------------------+------------------------+------------+------------------------------+
; 16:1               ; 2 bits    ; 20 LEs        ; 20 LEs               ; 0 LEs                  ; No         ; |top_level|alu_ns:U_ALU|Mux1 ;
+--------------------+-----------+---------------+----------------------+------------------------+------------+------------------------------+


+-----------------------------------------------------------+
; Parameter Settings for User Entity Instance: alu_ns:U_ALU ;
+----------------+-------+----------------------------------+
; Parameter Name ; Value ; Type                             ;
+----------------+-------+----------------------------------+
; width          ; 4     ; Signed Integer                   ;
+----------------+-------+----------------------------------+
Note: In order to hide this table in the UI and the text report file, please set the "Show Parameter Settings in Synthesis Report" option in "Analysis and Synthesis Settings -> More Settings" to "Off".


+---------------------------------------------------------------------------------+
; Parameter Settings for Inferred Entity Instance: alu_ns:U_ALU|lpm_mult:Mult0    ;
+------------------------------------------------+----------+---------------------+
; Parameter Name                                 ; Value    ; Type                ;
+------------------------------------------------+----------+---------------------+
; AUTO_CARRY_CHAINS                              ; ON       ; AUTO_CARRY          ;
; IGNORE_CARRY_BUFFERS                           ; OFF      ; IGNORE_CARRY        ;
; AUTO_CASCADE_CHAINS                            ; ON       ; AUTO_CASCADE        ;
; IGNORE_CASCADE_BUFFERS                         ; OFF      ; IGNORE_CASCADE      ;
; LPM_WIDTHA                                     ; 4        ; Untyped             ;
; LPM_WIDTHB                                     ; 4        ; Untyped             ;
; LPM_WIDTHP                                     ; 8        ; Untyped             ;
; LPM_WIDTHR                                     ; 8        ; Untyped             ;
; LPM_WIDTHS                                     ; 1        ; Untyped             ;
; LPM_REPRESENTATION                             ; UNSIGNED ; Untyped             ;
; LPM_PIPELINE                                   ; 0        ; Untyped             ;
; LATENCY                                        ; 0        ; Untyped             ;
; INPUT_A_IS_CONSTANT                            ; NO       ; Untyped             ;
; INPUT_B_IS_CONSTANT                            ; NO       ; Untyped             ;
; USE_EAB                                        ; OFF      ; Untyped             ;
; MAXIMIZE_SPEED                                 ; 5        ; Untyped             ;
; DEVICE_FAMILY                                  ; MAX 10   ; Untyped             ;
; CARRY_CHAIN                                    ; MANUAL   ; Untyped             ;
; APEX20K_TECHNOLOGY_MAPPER                      ; LUT      ; TECH_MAPPER_APEX20K ;
; DEDICATED_MULTIPLIER_CIRCUITRY                 ; AUTO     ; Untyped             ;
; DEDICATED_MULTIPLIER_MIN_INPUT_WIDTH_FOR_AUTO  ; 0        ; Untyped             ;
; DEDICATED_MULTIPLIER_MIN_OUTPUT_WIDTH_FOR_AUTO ; 0        ; Untyped             ;
; CBXI_PARAMETER                                 ; mult_9js ; Untyped             ;
; INPUT_A_FIXED_VALUE                            ; Bx       ; Untyped             ;
; INPUT_B_FIXED_VALUE                            ; Bx       ; Untyped             ;
; USE_AHDL_IMPLEMENTATION                        ; OFF      ; Untyped             ;
+------------------------------------------------+----------+---------------------+
Note: In order to hide this table in the UI and the text report file, please set the "Show Parameter Settings in Synthesis Report" option in "Analysis and Synthesis Settings -> More Settings" to "Off".


+---------------------------------------------------------------------+
; lpm_mult Parameter Settings by Entity Instance                      ;
+---------------------------------------+-----------------------------+
; Name                                  ; Value                       ;
+---------------------------------------+-----------------------------+
; Number of entity instances            ; 1                           ;
; Entity Instance                       ; alu_ns:U_ALU|lpm_mult:Mult0 ;
;     -- LPM_WIDTHA                     ; 4                           ;
;     -- LPM_WIDTHB                     ; 4                           ;
;     -- LPM_WIDTHP                     ; 8                           ;
;     -- LPM_REPRESENTATION             ; UNSIGNED                    ;
;     -- INPUT_A_IS_CONSTANT            ; NO                          ;
;     -- INPUT_B_IS_CONSTANT            ; NO                          ;
;     -- USE_EAB                        ; OFF                         ;
;     -- DEDICATED_MULTIPLIER_CIRCUITRY ; AUTO                        ;
;     -- INPUT_A_FIXED_VALUE            ; Bx                          ;
;     -- INPUT_B_FIXED_VALUE            ; Bx                          ;
+---------------------------------------+-----------------------------+


+------------------------------------------------+
; Port Connectivity Checks: "decoder7seg:U_LED5" ;
+-------+-------+----------+---------------------+
; Port  ; Type  ; Severity ; Details             ;
+-------+-------+----------+---------------------+
; input ; Input ; Info     ; Stuck at GND        ;
+-------+-------+----------+---------------------+


+------------------------------------------------+
; Port Connectivity Checks: "decoder7seg:U_LED4" ;
+-------+-------+----------+---------------------+
; Port  ; Type  ; Severity ; Details             ;
+-------+-------+----------+---------------------+
; input ; Input ; Info     ; Stuck at GND        ;
+-------+-------+----------+---------------------+


+------------------------------------------------+
; Port Connectivity Checks: "decoder7seg:U_LED3" ;
+-------+-------+----------+---------------------+
; Port  ; Type  ; Severity ; Details             ;
+-------+-------+----------+---------------------+
; input ; Input ; Info     ; Stuck at GND        ;
+-------+-------+----------+---------------------+


+------------------------------------------------+
; Port Connectivity Checks: "decoder7seg:U_LED2" ;
+-------+-------+----------+---------------------+
; Port  ; Type  ; Severity ; Details             ;
+-------+-------+----------+---------------------+
; input ; Input ; Info     ; Stuck at GND        ;
+-------+-------+----------+---------------------+


+------------------------------------------------+
; Port Connectivity Checks: "decoder7seg:U_LED1" ;
+-------+-------+----------+---------------------+
; Port  ; Type  ; Severity ; Details             ;
+-------+-------+----------+---------------------+
; input ; Input ; Info     ; Stuck at GND        ;
+-------+-------+----------+---------------------+


+-----------------------------------------------------+
; Post-Synthesis Netlist Statistics for Top Partition ;
+-----------------------+-----------------------------+
; Type                  ; Count                       ;
+-----------------------+-----------------------------+
; boundary_port         ; 60                          ;
; cycloneiii_lcell_comb ; 109                         ;
;     arith             ; 19                          ;
;         2 data inputs ; 2                           ;
;         3 data inputs ; 17                          ;
;     normal            ; 90                          ;
;         0 data inputs ; 3                           ;
;         1 data inputs ; 2                           ;
;         2 data inputs ; 9                           ;
;         3 data inputs ; 21                          ;
;         4 data inputs ; 55                          ;
;                       ;                             ;
; Max LUT depth         ; 11.00                       ;
; Average LUT depth     ; 8.19                        ;
+-----------------------+-----------------------------+


+-------------------------------+
; Elapsed Time Per Partition    ;
+----------------+--------------+
; Partition Name ; Elapsed Time ;
+----------------+--------------+
; Top            ; 00:00:20     ;
+----------------+--------------+


+-------------------------------+
; Analysis & Synthesis Messages ;
+-------------------------------+
Info: *******************************************************************
Info: Running Quartus Prime Analysis & Synthesis
    Info: Version 17.1.0 Build 590 10/25/2017 SJ Lite Edition
    Info: Processing started: Tue Sep 22 17:28:51 2020
Info: Command: quartus_map --read_settings_files=on --write_settings_files=off Final -c Final
Warning (18236): Number of processors has not been specified which may cause overloading on shared machines.  Set the global assignment NUM_PARALLEL_PROCESSORS in your QSF to an appropriate value for best performance.
Info (20030): Parallel compilation is enabled and will use 4 of the 4 processors detected
Info (12021): Found 1 design units, including 1 entities, in source file de10_lite_golden_top.v
    Info (12023): Found entity 1: DE10_LITE_Golden_Top File: C:/Users/Johnny Li/Desktop/QuartusDD/Lab2/Lab2.4/DE10_LITE_Golden_Top.v Line: 29
Info (12021): Found 2 design units, including 1 entities, in source file alu_ns.vhd
    Info (12022): Found design unit 1: alu_ns-Behavioral File: C:/Users/Johnny Li/Desktop/QuartusDD/Lab2/Lab2.4/alu_ns.vhd Line: 24
    Info (12023): Found entity 1: alu_ns File: C:/Users/Johnny Li/Desktop/QuartusDD/Lab2/Lab2.4/alu_ns.vhd Line: 10
Info (12021): Found 2 design units, including 1 entities, in source file decoder7seg.vhd
    Info (12022): Found design unit 1: decoder7seg-behavioral File: C:/Users/Johnny Li/Desktop/QuartusDD/Lab2/Lab2.4/decoder7seg.vhd Line: 17
    Info (12023): Found entity 1: decoder7seg File: C:/Users/Johnny Li/Desktop/QuartusDD/Lab2/Lab2.4/decoder7seg.vhd Line: 10
Info (12021): Found 2 design units, including 1 entities, in source file top_level.vhd
    Info (12022): Found design unit 1: top_level-STR File: C:/Users/Johnny Li/Desktop/QuartusDD/Lab2/Lab2.4/top_level.vhd Line: 37
    Info (12023): Found entity 1: top_level File: C:/Users/Johnny Li/Desktop/QuartusDD/Lab2/Lab2.4/top_level.vhd Line: 18
Info (12127): Elaborating entity "top_level" for the top level hierarchy
Info (12128): Elaborating entity "decoder7seg" for hierarchy "decoder7seg:U_LED0" File: C:/Users/Johnny Li/Desktop/QuartusDD/Lab2/Lab2.4/top_level.vhd Line: 67
Info (12128): Elaborating entity "alu_ns" for hierarchy "alu_ns:U_ALU" File: C:/Users/Johnny Li/Desktop/QuartusDD/Lab2/Lab2.4/top_level.vhd Line: 96
Warning (10631): VHDL Process Statement warning at alu_ns.vhd(28): inferring latch(es) for signal or variable "temp", which holds its previous value in one or more paths through the process File: C:/Users/Johnny Li/Desktop/QuartusDD/Lab2/Lab2.4/alu_ns.vhd Line: 28
Info (278001): Inferred 1 megafunctions from design logic
    Info (278003): Inferred multiplier megafunction ("lpm_mult") from the following logic: "alu_ns:U_ALU|Mult0" File: C:/Users/Johnny Li/Desktop/QuartusDD/Lab2/Lab2.4/alu_ns.vhd Line: 48
Info (12130): Elaborated megafunction instantiation "alu_ns:U_ALU|lpm_mult:Mult0" File: C:/Users/Johnny Li/Desktop/QuartusDD/Lab2/Lab2.4/alu_ns.vhd Line: 48
Info (12133): Instantiated megafunction "alu_ns:U_ALU|lpm_mult:Mult0" with the following parameter: File: C:/Users/Johnny Li/Desktop/QuartusDD/Lab2/Lab2.4/alu_ns.vhd Line: 48
    Info (12134): Parameter "LPM_WIDTHA" = "4"
    Info (12134): Parameter "LPM_WIDTHB" = "4"
    Info (12134): Parameter "LPM_WIDTHP" = "8"
    Info (12134): Parameter "LPM_WIDTHR" = "8"
    Info (12134): Parameter "LPM_WIDTHS" = "1"
    Info (12134): Parameter "LPM_REPRESENTATION" = "UNSIGNED"
    Info (12134): Parameter "INPUT_A_IS_CONSTANT" = "NO"
    Info (12134): Parameter "INPUT_B_IS_CONSTANT" = "NO"
    Info (12134): Parameter "MAXIMIZE_SPEED" = "5"
Info (12021): Found 1 design units, including 1 entities, in source file db/mult_9js.tdf
    Info (12023): Found entity 1: mult_9js File: C:/Users/Johnny Li/Desktop/QuartusDD/Lab2/Lab2.4/db/mult_9js.tdf Line: 28
Warning (14284): Synthesized away the following node(s):
    Warning (14285): Synthesized away the following LCELL buffer node(s):
        Warning (14320): Synthesized away node "alu_ns:U_ALU|lpm_mult:Mult0|mult_9js:auto_generated|le5a[4]" File: C:/Users/Johnny Li/Desktop/QuartusDD/Lab2/Lab2.4/db/mult_9js.tdf Line: 42
Info (13014): Ignored 48 buffer(s)
    Info (13016): Ignored 4 CARRY_SUM buffer(s)
    Info (13019): Ignored 44 SOFT buffer(s)
Warning (13024): Output pins are stuck at VCC or GND
    Warning (13410): Pin "led1[0]" is stuck at VCC File: C:/Users/Johnny Li/Desktop/QuartusDD/Lab2/Lab2.4/top_level.vhd Line: 24
    Warning (13410): Pin "led1[1]" is stuck at GND File: C:/Users/Johnny Li/Desktop/QuartusDD/Lab2/Lab2.4/top_level.vhd Line: 24
    Warning (13410): Pin "led1[2]" is stuck at GND File: C:/Users/Johnny Li/Desktop/QuartusDD/Lab2/Lab2.4/top_level.vhd Line: 24
    Warning (13410): Pin "led1[3]" is stuck at GND File: C:/Users/Johnny Li/Desktop/QuartusDD/Lab2/Lab2.4/top_level.vhd Line: 24
    Warning (13410): Pin "led1[4]" is stuck at GND File: C:/Users/Johnny Li/Desktop/QuartusDD/Lab2/Lab2.4/top_level.vhd Line: 24
    Warning (13410): Pin "led1[5]" is stuck at GND File: C:/Users/Johnny Li/Desktop/QuartusDD/Lab2/Lab2.4/top_level.vhd Line: 24
    Warning (13410): Pin "led1[6]" is stuck at GND File: C:/Users/Johnny Li/Desktop/QuartusDD/Lab2/Lab2.4/top_level.vhd Line: 24
    Warning (13410): Pin "led1_dp" is stuck at VCC File: C:/Users/Johnny Li/Desktop/QuartusDD/Lab2/Lab2.4/top_level.vhd Line: 25
    Warning (13410): Pin "led2[0]" is stuck at VCC File: C:/Users/Johnny Li/Desktop/QuartusDD/Lab2/Lab2.4/top_level.vhd Line: 26
    Warning (13410): Pin "led2[1]" is stuck at GND File: C:/Users/Johnny Li/Desktop/QuartusDD/Lab2/Lab2.4/top_level.vhd Line: 26
    Warning (13410): Pin "led2[2]" is stuck at GND File: C:/Users/Johnny Li/Desktop/QuartusDD/Lab2/Lab2.4/top_level.vhd Line: 26
    Warning (13410): Pin "led2[3]" is stuck at GND File: C:/Users/Johnny Li/Desktop/QuartusDD/Lab2/Lab2.4/top_level.vhd Line: 26
    Warning (13410): Pin "led2[4]" is stuck at GND File: C:/Users/Johnny Li/Desktop/QuartusDD/Lab2/Lab2.4/top_level.vhd Line: 26
    Warning (13410): Pin "led2[5]" is stuck at GND File: C:/Users/Johnny Li/Desktop/QuartusDD/Lab2/Lab2.4/top_level.vhd Line: 26
    Warning (13410): Pin "led2[6]" is stuck at GND File: C:/Users/Johnny Li/Desktop/QuartusDD/Lab2/Lab2.4/top_level.vhd Line: 26
    Warning (13410): Pin "led2_dp" is stuck at VCC File: C:/Users/Johnny Li/Desktop/QuartusDD/Lab2/Lab2.4/top_level.vhd Line: 27
    Warning (13410): Pin "led3[0]" is stuck at VCC File: C:/Users/Johnny Li/Desktop/QuartusDD/Lab2/Lab2.4/top_level.vhd Line: 28
    Warning (13410): Pin "led3[1]" is stuck at GND File: C:/Users/Johnny Li/Desktop/QuartusDD/Lab2/Lab2.4/top_level.vhd Line: 28
    Warning (13410): Pin "led3[2]" is stuck at GND File: C:/Users/Johnny Li/Desktop/QuartusDD/Lab2/Lab2.4/top_level.vhd Line: 28
    Warning (13410): Pin "led3[3]" is stuck at GND File: C:/Users/Johnny Li/Desktop/QuartusDD/Lab2/Lab2.4/top_level.vhd Line: 28
    Warning (13410): Pin "led3[4]" is stuck at GND File: C:/Users/Johnny Li/Desktop/QuartusDD/Lab2/Lab2.4/top_level.vhd Line: 28
    Warning (13410): Pin "led3[5]" is stuck at GND File: C:/Users/Johnny Li/Desktop/QuartusDD/Lab2/Lab2.4/top_level.vhd Line: 28
    Warning (13410): Pin "led3[6]" is stuck at GND File: C:/Users/Johnny Li/Desktop/QuartusDD/Lab2/Lab2.4/top_level.vhd Line: 28
    Warning (13410): Pin "led3_dp" is stuck at VCC File: C:/Users/Johnny Li/Desktop/QuartusDD/Lab2/Lab2.4/top_level.vhd Line: 29
    Warning (13410): Pin "led4[0]" is stuck at VCC File: C:/Users/Johnny Li/Desktop/QuartusDD/Lab2/Lab2.4/top_level.vhd Line: 30
    Warning (13410): Pin "led4[1]" is stuck at GND File: C:/Users/Johnny Li/Desktop/QuartusDD/Lab2/Lab2.4/top_level.vhd Line: 30
    Warning (13410): Pin "led4[2]" is stuck at GND File: C:/Users/Johnny Li/Desktop/QuartusDD/Lab2/Lab2.4/top_level.vhd Line: 30
    Warning (13410): Pin "led4[3]" is stuck at GND File: C:/Users/Johnny Li/Desktop/QuartusDD/Lab2/Lab2.4/top_level.vhd Line: 30
    Warning (13410): Pin "led4[4]" is stuck at GND File: C:/Users/Johnny Li/Desktop/QuartusDD/Lab2/Lab2.4/top_level.vhd Line: 30
    Warning (13410): Pin "led4[5]" is stuck at GND File: C:/Users/Johnny Li/Desktop/QuartusDD/Lab2/Lab2.4/top_level.vhd Line: 30
    Warning (13410): Pin "led4[6]" is stuck at GND File: C:/Users/Johnny Li/Desktop/QuartusDD/Lab2/Lab2.4/top_level.vhd Line: 30
    Warning (13410): Pin "led4_dp" is stuck at VCC File: C:/Users/Johnny Li/Desktop/QuartusDD/Lab2/Lab2.4/top_level.vhd Line: 31
    Warning (13410): Pin "led5[0]" is stuck at VCC File: C:/Users/Johnny Li/Desktop/QuartusDD/Lab2/Lab2.4/top_level.vhd Line: 32
    Warning (13410): Pin "led5[1]" is stuck at GND File: C:/Users/Johnny Li/Desktop/QuartusDD/Lab2/Lab2.4/top_level.vhd Line: 32
    Warning (13410): Pin "led5[2]" is stuck at GND File: C:/Users/Johnny Li/Desktop/QuartusDD/Lab2/Lab2.4/top_level.vhd Line: 32
    Warning (13410): Pin "led5[3]" is stuck at GND File: C:/Users/Johnny Li/Desktop/QuartusDD/Lab2/Lab2.4/top_level.vhd Line: 32
    Warning (13410): Pin "led5[4]" is stuck at GND File: C:/Users/Johnny Li/Desktop/QuartusDD/Lab2/Lab2.4/top_level.vhd Line: 32
    Warning (13410): Pin "led5[5]" is stuck at GND File: C:/Users/Johnny Li/Desktop/QuartusDD/Lab2/Lab2.4/top_level.vhd Line: 32
    Warning (13410): Pin "led5[6]" is stuck at GND File: C:/Users/Johnny Li/Desktop/QuartusDD/Lab2/Lab2.4/top_level.vhd Line: 32
    Warning (13410): Pin "led5_dp" is stuck at VCC File: C:/Users/Johnny Li/Desktop/QuartusDD/Lab2/Lab2.4/top_level.vhd Line: 33
Info (286030): Timing-Driven Synthesis is running
Info (16010): Generating hard_block partition "hard_block:auto_generated_inst"
    Info (16011): Adding 0 node(s), including 0 DDIO, 0 PLL, 0 transceiver and 0 LCELL
Info (21057): Implemented 165 device resources after synthesis - the final resource count might be different
    Info (21058): Implemented 12 input pins
    Info (21059): Implemented 48 output pins
    Info (21061): Implemented 105 logic cells
Info: Quartus Prime Analysis & Synthesis was successful. 0 errors, 46 warnings
    Info: Peak virtual memory: 4797 megabytes
    Info: Processing ended: Tue Sep 22 17:31:01 2020
    Info: Elapsed time: 00:02:10
    Info: Total CPU time (on all processors): 00:01:36


