Analysis & Synthesis report for fact_top
Tue Oct 20 19:17:39 2020
Quartus Prime Version 17.1.0 Build 590 10/25/2017 SJ Lite Edition


---------------------
; Table of Contents ;
---------------------
  1. Legal Notice
  2. Analysis & Synthesis Summary
  3. Analysis & Synthesis Settings
  4. Parallel Compilation
  5. Analysis & Synthesis Source Files Read
  6. Analysis & Synthesis Resource Usage Summary
  7. Analysis & Synthesis Resource Utilization by Entity
  8. Analysis & Synthesis DSP Block Usage Summary
  9. State Machine - |top_level|factorial:U_FACT|ctrl1:U_CT|state
 10. General Register Statistics
 11. Parameter Settings for User Entity Instance: Top-level Entity: |top_level
 12. Parameter Settings for User Entity Instance: factorial:U_FACT
 13. Parameter Settings for User Entity Instance: factorial:U_FACT|datapath1:U_DP
 14. Parameter Settings for User Entity Instance: factorial:U_FACT|datapath1:U_DP|mux2x1:U_MUX_regN
 15. Parameter Settings for User Entity Instance: factorial:U_FACT|datapath1:U_DP|mux2x1:U_MUX_tempFact
 16. Parameter Settings for User Entity Instance: factorial:U_FACT|datapath1:U_DP|reg:U_REG_regN
 17. Parameter Settings for User Entity Instance: factorial:U_FACT|datapath1:U_DP|reg:U_REG_tempFact
 18. Parameter Settings for User Entity Instance: factorial:U_FACT|datapath1:U_DP|mult:U_MULT
 19. Parameter Settings for User Entity Instance: factorial:U_FACT|datapath1:U_DP|decrementor:U_DECREMENTOR
 20. Parameter Settings for User Entity Instance: factorial:U_FACT|datapath1:U_DP|comp:U_COMP
 21. Parameter Settings for User Entity Instance: factorial:U_FACT|datapath1:U_DP|reg:U_REG_output
 22. Parameter Settings for Inferred Entity Instance: factorial:U_FACT|datapath1:U_DP|mult:U_MULT|lpm_mult:Mult0
 23. Parameter Settings for Inferred Entity Instance: lpm_divide:Mod0
 24. lpm_mult Parameter Settings by Entity Instance
 25. Port Connectivity Checks: "seg:U_LED0"
 26. Port Connectivity Checks: "seg:U_LED5"
 27. Port Connectivity Checks: "segment_crtl:U_SEG_CONTL|bcd_converter:bcd_conv"
 28. Port Connectivity Checks: "factorial:U_FACT|datapath1:U_DP|mux2x1:U_MUX_tempFact"
 29. Post-Synthesis Netlist Statistics for Top Partition
 30. Elapsed Time Per Partition
 31. Analysis & Synthesis Messages



----------------
; Legal Notice ;
----------------
Copyright (C) 2017  Intel Corporation. All rights reserved.
Your use of Intel Corporation's design tools, logic functions 
and other software and tools, and its AMPP partner logic 
functions, and any output files from any of the foregoing 
(including device programming or simulation files), and any 
associated documentation or information are expressly subject 
to the terms and conditions of the Intel Program License 
Subscription Agreement, the Intel Quartus Prime License Agreement,
the Intel FPGA IP License Agreement, or other applicable license
agreement, including, without limitation, that your use is for
the sole purpose of programming logic devices manufactured by
Intel and sold by Intel or its authorized distributors.  Please
refer to the applicable agreement for further details.



+----------------------------------------------------------------------------------+
; Analysis & Synthesis Summary                                                     ;
+------------------------------------+---------------------------------------------+
; Analysis & Synthesis Status        ; Successful - Tue Oct 20 19:17:39 2020       ;
; Quartus Prime Version              ; 17.1.0 Build 590 10/25/2017 SJ Lite Edition ;
; Revision Name                      ; fact_top                                    ;
; Top-level Entity Name              ; top_level                                   ;
; Family                             ; MAX 10                                      ;
; Total logic elements               ; 271                                         ;
;     Total combinational functions  ; 255                                         ;
;     Dedicated logic registers      ; 53                                          ;
; Total registers                    ; 53                                          ;
; Total pins                         ; 62                                          ;
; Total virtual pins                 ; 0                                           ;
; Total memory bits                  ; 0                                           ;
; Embedded Multiplier 9-bit elements ; 2                                           ;
; Total PLLs                         ; 0                                           ;
; UFM blocks                         ; 0                                           ;
; ADC blocks                         ; 0                                           ;
+------------------------------------+---------------------------------------------+


+----------------------------------------------------------------------------------------------------------------------+
; Analysis & Synthesis Settings                                                                                        ;
+----------------------------------------------------------------------------+--------------------+--------------------+
; Option                                                                     ; Setting            ; Default Value      ;
+----------------------------------------------------------------------------+--------------------+--------------------+
; Device                                                                     ; 10M50DAF484C6GES   ;                    ;
; Top-level entity name                                                      ; top_level          ; fact_top           ;
; Family name                                                                ; MAX 10             ; Cyclone V          ;
; Use smart compilation                                                      ; Off                ; Off                ;
; Enable parallel Assembler and TimeQuest Timing Analyzer during compilation ; On                 ; On                 ;
; Enable compact report table                                                ; Off                ; Off                ;
; Restructure Multiplexers                                                   ; Auto               ; Auto               ;
; Create Debugging Nodes for IP Cores                                        ; Off                ; Off                ;
; Preserve fewer node names                                                  ; On                 ; On                 ;
; Intel FPGA IP Evaluation Mode                                              ; Enable             ; Enable             ;
; Verilog Version                                                            ; Verilog_2001       ; Verilog_2001       ;
; VHDL Version                                                               ; VHDL_1993          ; VHDL_1993          ;
; State Machine Processing                                                   ; Auto               ; Auto               ;
; Safe State Machine                                                         ; Off                ; Off                ;
; Extract Verilog State Machines                                             ; On                 ; On                 ;
; Extract VHDL State Machines                                                ; On                 ; On                 ;
; Ignore Verilog initial constructs                                          ; Off                ; Off                ;
; Iteration limit for constant Verilog loops                                 ; 5000               ; 5000               ;
; Iteration limit for non-constant Verilog loops                             ; 250                ; 250                ;
; Add Pass-Through Logic to Inferred RAMs                                    ; On                 ; On                 ;
; Infer RAMs from Raw Logic                                                  ; On                 ; On                 ;
; Parallel Synthesis                                                         ; On                 ; On                 ;
; DSP Block Balancing                                                        ; Auto               ; Auto               ;
; NOT Gate Push-Back                                                         ; On                 ; On                 ;
; Power-Up Don't Care                                                        ; On                 ; On                 ;
; Remove Redundant Logic Cells                                               ; Off                ; Off                ;
; Remove Duplicate Registers                                                 ; On                 ; On                 ;
; Ignore CARRY Buffers                                                       ; Off                ; Off                ;
; Ignore CASCADE Buffers                                                     ; Off                ; Off                ;
; Ignore GLOBAL Buffers                                                      ; Off                ; Off                ;
; Ignore ROW GLOBAL Buffers                                                  ; Off                ; Off                ;
; Ignore LCELL Buffers                                                       ; Off                ; Off                ;
; Ignore SOFT Buffers                                                        ; On                 ; On                 ;
; Limit AHDL Integers to 32 Bits                                             ; Off                ; Off                ;
; Optimization Technique                                                     ; Balanced           ; Balanced           ;
; Carry Chain Length                                                         ; 70                 ; 70                 ;
; Auto Carry Chains                                                          ; On                 ; On                 ;
; Auto Open-Drain Pins                                                       ; On                 ; On                 ;
; Perform WYSIWYG Primitive Resynthesis                                      ; Off                ; Off                ;
; Auto ROM Replacement                                                       ; On                 ; On                 ;
; Auto RAM Replacement                                                       ; On                 ; On                 ;
; Auto DSP Block Replacement                                                 ; On                 ; On                 ;
; Auto Shift Register Replacement                                            ; Auto               ; Auto               ;
; Allow Shift Register Merging across Hierarchies                            ; Auto               ; Auto               ;
; Auto Clock Enable Replacement                                              ; On                 ; On                 ;
; Strict RAM Replacement                                                     ; Off                ; Off                ;
; Allow Synchronous Control Signals                                          ; On                 ; On                 ;
; Force Use of Synchronous Clear Signals                                     ; Off                ; Off                ;
; Auto RAM Block Balancing                                                   ; On                 ; On                 ;
; Auto RAM to Logic Cell Conversion                                          ; Off                ; Off                ;
; Auto Resource Sharing                                                      ; Off                ; Off                ;
; Allow Any RAM Size For Recognition                                         ; Off                ; Off                ;
; Allow Any ROM Size For Recognition                                         ; Off                ; Off                ;
; Allow Any Shift Register Size For Recognition                              ; Off                ; Off                ;
; Use LogicLock Constraints during Resource Balancing                        ; On                 ; On                 ;
; Ignore translate_off and synthesis_off directives                          ; Off                ; Off                ;
; Timing-Driven Synthesis                                                    ; On                 ; On                 ;
; Report Parameter Settings                                                  ; On                 ; On                 ;
; Report Source Assignments                                                  ; On                 ; On                 ;
; Report Connectivity Checks                                                 ; On                 ; On                 ;
; Ignore Maximum Fan-Out Assignments                                         ; Off                ; Off                ;
; Synchronization Register Chain Length                                      ; 2                  ; 2                  ;
; Power Optimization During Synthesis                                        ; Normal compilation ; Normal compilation ;
; HDL message level                                                          ; Level2             ; Level2             ;
; Suppress Register Optimization Related Messages                            ; Off                ; Off                ;
; Number of Removed Registers Reported in Synthesis Report                   ; 5000               ; 5000               ;
; Number of Swept Nodes Reported in Synthesis Report                         ; 5000               ; 5000               ;
; Number of Inverted Registers Reported in Synthesis Report                  ; 100                ; 100                ;
; Clock MUX Protection                                                       ; On                 ; On                 ;
; Auto Gated Clock Conversion                                                ; Off                ; Off                ;
; Block Design Naming                                                        ; Auto               ; Auto               ;
; SDC constraint protection                                                  ; Off                ; Off                ;
; Synthesis Effort                                                           ; Auto               ; Auto               ;
; Shift Register Replacement - Allow Asynchronous Clear Signal               ; On                 ; On                 ;
; Pre-Mapping Resynthesis Optimization                                       ; Off                ; Off                ;
; Analysis & Synthesis Message Level                                         ; Medium             ; Medium             ;
; Disable Register Merging Across Hierarchies                                ; Auto               ; Auto               ;
; Resource Aware Inference For Block RAM                                     ; On                 ; On                 ;
+----------------------------------------------------------------------------+--------------------+--------------------+


+------------------------------------------+
; Parallel Compilation                     ;
+----------------------------+-------------+
; Processors                 ; Number      ;
+----------------------------+-------------+
; Number detected on machine ; 4           ;
; Maximum allowed            ; 4           ;
;                            ;             ;
; Average used               ; 1.00        ;
; Maximum used               ; 4           ;
;                            ;             ;
; Usage by Processor         ; % Time Used ;
;     Processor 1            ; 100.0%      ;
;     Processors 2-4         ;   0.0%      ;
+----------------------------+-------------+


+-----------------------------------------------------------------------------------------------------------------------------------------------------------------------------+
; Analysis & Synthesis Source Files Read                                                                                                                                      ;
+----------------------------------+-----------------+------------------------------+-------------------------------------------------------------------------------+---------+
; File Name with User-Entered Path ; Used in Netlist ; File Type                    ; File Name with Absolute Path                                                  ; Library ;
+----------------------------------+-----------------+------------------------------+-------------------------------------------------------------------------------+---------+
; comp.vhd                         ; yes             ; User VHDL File               ; C:/Users/Johnny Li/Desktop/QuartusDD/Lab5/fact_top/comp.vhd                   ;         ;
; ctrl1.vhd                        ; yes             ; User VHDL File               ; C:/Users/Johnny Li/Desktop/QuartusDD/Lab5/fact_top/ctrl1.vhd                  ;         ;
; datapath1.vhd                    ; yes             ; User VHDL File               ; C:/Users/Johnny Li/Desktop/QuartusDD/Lab5/fact_top/datapath1.vhd              ;         ;
; reg.vhd                          ; yes             ; User VHDL File               ; C:/Users/Johnny Li/Desktop/QuartusDD/Lab5/fact_top/reg.vhd                    ;         ;
; mux2x1.vhd                       ; yes             ; User VHDL File               ; C:/Users/Johnny Li/Desktop/QuartusDD/Lab5/fact_top/mux2x1.vhd                 ;         ;
; mult.vhd                         ; yes             ; User VHDL File               ; C:/Users/Johnny Li/Desktop/QuartusDD/Lab5/fact_top/mult.vhd                   ;         ;
; decrementor.vhd                  ; yes             ; User VHDL File               ; C:/Users/Johnny Li/Desktop/QuartusDD/Lab5/fact_top/decrementor.vhd            ;         ;
; top_level.vhd                    ; yes             ; User VHDL File               ; C:/Users/Johnny Li/Desktop/QuartusDD/Lab5/fact_top/top_level.vhd              ;         ;
; factorial.vhd                    ; yes             ; User VHDL File               ; C:/Users/Johnny Li/Desktop/QuartusDD/Lab5/fact_top/factorial.vhd              ;         ;
; bcd_converter.vhd                ; yes             ; User VHDL File               ; C:/Users/Johnny Li/Desktop/QuartusDD/Lab5/fact_top/bcd_converter.vhd          ;         ;
; segment_crtl.vhd                 ; yes             ; User VHDL File               ; C:/Users/Johnny Li/Desktop/QuartusDD/Lab5/fact_top/segment_crtl.vhd           ;         ;
; seg.vhd                          ; yes             ; User VHDL File               ; C:/Users/Johnny Li/Desktop/QuartusDD/Lab5/fact_top/seg.vhd                    ;         ;
; lpm_mult.tdf                     ; yes             ; Megafunction                 ; c:/intelfpga_lite/17.1/quartus/libraries/megafunctions/lpm_mult.tdf           ;         ;
; aglobal171.inc                   ; yes             ; Megafunction                 ; c:/intelfpga_lite/17.1/quartus/libraries/megafunctions/aglobal171.inc         ;         ;
; lpm_add_sub.inc                  ; yes             ; Megafunction                 ; c:/intelfpga_lite/17.1/quartus/libraries/megafunctions/lpm_add_sub.inc        ;         ;
; multcore.inc                     ; yes             ; Megafunction                 ; c:/intelfpga_lite/17.1/quartus/libraries/megafunctions/multcore.inc           ;         ;
; bypassff.inc                     ; yes             ; Megafunction                 ; c:/intelfpga_lite/17.1/quartus/libraries/megafunctions/bypassff.inc           ;         ;
; altshift.inc                     ; yes             ; Megafunction                 ; c:/intelfpga_lite/17.1/quartus/libraries/megafunctions/altshift.inc           ;         ;
; db/mult_tns.tdf                  ; yes             ; Auto-Generated Megafunction  ; C:/Users/Johnny Li/Desktop/QuartusDD/Lab5/fact_top/db/mult_tns.tdf            ;         ;
; lpm_divide.tdf                   ; yes             ; Megafunction                 ; c:/intelfpga_lite/17.1/quartus/libraries/megafunctions/lpm_divide.tdf         ;         ;
; abs_divider.inc                  ; yes             ; Megafunction                 ; c:/intelfpga_lite/17.1/quartus/libraries/megafunctions/abs_divider.inc        ;         ;
; sign_div_unsign.inc              ; yes             ; Megafunction                 ; c:/intelfpga_lite/17.1/quartus/libraries/megafunctions/sign_div_unsign.inc    ;         ;
; db/lpm_divide_enl.tdf            ; yes             ; Auto-Generated Megafunction  ; C:/Users/Johnny Li/Desktop/QuartusDD/Lab5/fact_top/db/lpm_divide_enl.tdf      ;         ;
; db/sign_div_unsign_dnh.tdf       ; yes             ; Auto-Generated Megafunction  ; C:/Users/Johnny Li/Desktop/QuartusDD/Lab5/fact_top/db/sign_div_unsign_dnh.tdf ;         ;
; db/alt_u_div_4le.tdf             ; yes             ; Auto-Generated Megafunction  ; C:/Users/Johnny Li/Desktop/QuartusDD/Lab5/fact_top/db/alt_u_div_4le.tdf       ;         ;
; db/add_sub_t3c.tdf               ; yes             ; Auto-Generated Megafunction  ; C:/Users/Johnny Li/Desktop/QuartusDD/Lab5/fact_top/db/add_sub_t3c.tdf         ;         ;
; db/add_sub_u3c.tdf               ; yes             ; Auto-Generated Megafunction  ; C:/Users/Johnny Li/Desktop/QuartusDD/Lab5/fact_top/db/add_sub_u3c.tdf         ;         ;
+----------------------------------+-----------------+------------------------------+-------------------------------------------------------------------------------+---------+


+--------------------------------------------------------------+
; Analysis & Synthesis Resource Usage Summary                  ;
+---------------------------------------------+----------------+
; Resource                                    ; Usage          ;
+---------------------------------------------+----------------+
; Estimated Total logic elements              ; 271            ;
;                                             ;                ;
; Total combinational functions               ; 255            ;
; Logic element usage by number of LUT inputs ;                ;
;     -- 4 input functions                    ; 169            ;
;     -- 3 input functions                    ; 39             ;
;     -- <=2 input functions                  ; 47             ;
;                                             ;                ;
; Logic elements by mode                      ;                ;
;     -- normal mode                          ; 218            ;
;     -- arithmetic mode                      ; 37             ;
;                                             ;                ;
; Total registers                             ; 53             ;
;     -- Dedicated logic registers            ; 53             ;
;     -- I/O registers                        ; 0              ;
;                                             ;                ;
; I/O pins                                    ; 62             ;
;                                             ;                ;
; Embedded Multiplier 9-bit elements          ; 2              ;
;                                             ;                ;
; Maximum fan-out node                        ; clk50MHz~input ;
; Maximum fan-out                             ; 53             ;
; Total fan-out                               ; 1220           ;
; Average fan-out                             ; 2.81           ;
+---------------------------------------------+----------------+


+-------------------------------------------------------------------------------------------------------------------------------------------------------------------------------------------------------------------------------------------------------------------------------------------------------------------------------------------------+
; Analysis & Synthesis Resource Utilization by Entity                                                                                                                                                                                                                                                                                             ;
+------------------------------------------+---------------------+---------------------------+-------------+------------+--------------+---------+-----------+------+--------------+------------+------------------------------------------------------------------------------------------------------------+---------------------+--------------+
; Compilation Hierarchy Node               ; Combinational ALUTs ; Dedicated Logic Registers ; Memory Bits ; UFM Blocks ; DSP Elements ; DSP 9x9 ; DSP 18x18 ; Pins ; Virtual Pins ; ADC blocks ; Full Hierarchy Name                                                                                        ; Entity Name         ; Library Name ;
+------------------------------------------+---------------------+---------------------------+-------------+------------+--------------+---------+-----------+------+--------------+------------+------------------------------------------------------------------------------------------------------------+---------------------+--------------+
; |top_level                               ; 255 (0)             ; 53 (0)                    ; 0           ; 0          ; 2            ; 0       ; 1         ; 62   ; 0            ; 0          ; |top_level                                                                                                 ; top_level           ; work         ;
;    |factorial:U_FACT|                    ; 59 (0)              ; 53 (0)                    ; 0           ; 0          ; 2            ; 0       ; 1         ; 0    ; 0            ; 0          ; |top_level|factorial:U_FACT                                                                                ; factorial           ; work         ;
;       |ctrl1:U_CT|                       ; 6 (6)               ; 5 (5)                     ; 0           ; 0          ; 0            ; 0       ; 0         ; 0    ; 0            ; 0          ; |top_level|factorial:U_FACT|ctrl1:U_CT                                                                     ; ctrl1               ; work         ;
;       |datapath1:U_DP|                   ; 53 (0)              ; 48 (0)                    ; 0           ; 0          ; 2            ; 0       ; 1         ; 0    ; 0            ; 0          ; |top_level|factorial:U_FACT|datapath1:U_DP                                                                 ; datapath1           ; work         ;
;          |comp:U_COMP|                   ; 5 (5)               ; 0 (0)                     ; 0           ; 0          ; 0            ; 0       ; 0         ; 0    ; 0            ; 0          ; |top_level|factorial:U_FACT|datapath1:U_DP|comp:U_COMP                                                     ; comp                ; work         ;
;          |decrementor:U_DECREMENTOR|     ; 16 (16)             ; 0 (0)                     ; 0           ; 0          ; 0            ; 0       ; 0         ; 0    ; 0            ; 0          ; |top_level|factorial:U_FACT|datapath1:U_DP|decrementor:U_DECREMENTOR                                       ; decrementor         ; work         ;
;          |mult:U_MULT|                   ; 0 (0)               ; 0 (0)                     ; 0           ; 0          ; 2            ; 0       ; 1         ; 0    ; 0            ; 0          ; |top_level|factorial:U_FACT|datapath1:U_DP|mult:U_MULT                                                     ; mult                ; work         ;
;             |lpm_mult:Mult0|             ; 0 (0)               ; 0 (0)                     ; 0           ; 0          ; 2            ; 0       ; 1         ; 0    ; 0            ; 0          ; |top_level|factorial:U_FACT|datapath1:U_DP|mult:U_MULT|lpm_mult:Mult0                                      ; lpm_mult            ; work         ;
;                |mult_tns:auto_generated| ; 0 (0)               ; 0 (0)                     ; 0           ; 0          ; 2            ; 0       ; 1         ; 0    ; 0            ; 0          ; |top_level|factorial:U_FACT|datapath1:U_DP|mult:U_MULT|lpm_mult:Mult0|mult_tns:auto_generated              ; mult_tns            ; work         ;
;          |mux2x1:U_MUX_tempFact|         ; 16 (16)             ; 0 (0)                     ; 0           ; 0          ; 0            ; 0       ; 0         ; 0    ; 0            ; 0          ; |top_level|factorial:U_FACT|datapath1:U_DP|mux2x1:U_MUX_tempFact                                           ; mux2x1              ; work         ;
;          |reg:U_REG_output|              ; 0 (0)               ; 16 (16)                   ; 0           ; 0          ; 0            ; 0       ; 0         ; 0    ; 0            ; 0          ; |top_level|factorial:U_FACT|datapath1:U_DP|reg:U_REG_output                                                ; reg                 ; work         ;
;          |reg:U_REG_regN|                ; 16 (16)             ; 16 (16)                   ; 0           ; 0          ; 0            ; 0       ; 0         ; 0    ; 0            ; 0          ; |top_level|factorial:U_FACT|datapath1:U_DP|reg:U_REG_regN                                                  ; reg                 ; work         ;
;          |reg:U_REG_tempFact|            ; 0 (0)               ; 16 (16)                   ; 0           ; 0          ; 0            ; 0       ; 0         ; 0    ; 0            ; 0          ; |top_level|factorial:U_FACT|datapath1:U_DP|reg:U_REG_tempFact                                              ; reg                 ; work         ;
;    |lpm_divide:Mod0|                     ; 39 (0)              ; 0 (0)                     ; 0           ; 0          ; 0            ; 0       ; 0         ; 0    ; 0            ; 0          ; |top_level|lpm_divide:Mod0                                                                                 ; lpm_divide          ; work         ;
;       |lpm_divide_enl:auto_generated|    ; 39 (0)              ; 0 (0)                     ; 0           ; 0          ; 0            ; 0       ; 0         ; 0    ; 0            ; 0          ; |top_level|lpm_divide:Mod0|lpm_divide_enl:auto_generated                                                   ; lpm_divide_enl      ; work         ;
;          |sign_div_unsign_dnh:divider|   ; 39 (0)              ; 0 (0)                     ; 0           ; 0          ; 0            ; 0       ; 0         ; 0    ; 0            ; 0          ; |top_level|lpm_divide:Mod0|lpm_divide_enl:auto_generated|sign_div_unsign_dnh:divider                       ; sign_div_unsign_dnh ; work         ;
;             |alt_u_div_4le:divider|      ; 39 (39)             ; 0 (0)                     ; 0           ; 0          ; 0            ; 0       ; 0         ; 0    ; 0            ; 0          ; |top_level|lpm_divide:Mod0|lpm_divide_enl:auto_generated|sign_div_unsign_dnh:divider|alt_u_div_4le:divider ; alt_u_div_4le       ; work         ;
;    |segment_crtl:U_SEG_CONTL|            ; 157 (0)             ; 0 (0)                     ; 0           ; 0          ; 0            ; 0       ; 0         ; 0    ; 0            ; 0          ; |top_level|segment_crtl:U_SEG_CONTL                                                                        ; segment_crtl        ; work         ;
;       |bcd_converter:bcd_conv|           ; 129 (129)           ; 0 (0)                     ; 0           ; 0          ; 0            ; 0       ; 0         ; 0    ; 0            ; 0          ; |top_level|segment_crtl:U_SEG_CONTL|bcd_converter:bcd_conv                                                 ; bcd_converter       ; work         ;
;       |seg:displ0|                       ; 7 (7)               ; 0 (0)                     ; 0           ; 0          ; 0            ; 0       ; 0         ; 0    ; 0            ; 0          ; |top_level|segment_crtl:U_SEG_CONTL|seg:displ0                                                             ; seg                 ; work         ;
;       |seg:displ1|                       ; 7 (7)               ; 0 (0)                     ; 0           ; 0          ; 0            ; 0       ; 0         ; 0    ; 0            ; 0          ; |top_level|segment_crtl:U_SEG_CONTL|seg:displ1                                                             ; seg                 ; work         ;
;       |seg:displ2|                       ; 7 (7)               ; 0 (0)                     ; 0           ; 0          ; 0            ; 0       ; 0         ; 0    ; 0            ; 0          ; |top_level|segment_crtl:U_SEG_CONTL|seg:displ2                                                             ; seg                 ; work         ;
;       |seg:displ3|                       ; 7 (7)               ; 0 (0)                     ; 0           ; 0          ; 0            ; 0       ; 0         ; 0    ; 0            ; 0          ; |top_level|segment_crtl:U_SEG_CONTL|seg:displ3                                                             ; seg                 ; work         ;
+------------------------------------------+---------------------+---------------------------+-------------+------------+--------------+---------+-----------+------+--------------+------------+------------------------------------------------------------------------------------------------------------+---------------------+--------------+
Note: For table entries with two numbers listed, the numbers in parentheses indicate the number of resources of the given type used by the specific entity alone. The numbers listed outside of parentheses indicate the total resources of the given type used by the specific entity and all of its sub-entities in the hierarchy.


+-----------------------------------------------------+
; Analysis & Synthesis DSP Block Usage Summary        ;
+---------------------------------------+-------------+
; Statistic                             ; Number Used ;
+---------------------------------------+-------------+
; Simple Multipliers (9-bit)            ; 0           ;
; Simple Multipliers (18-bit)           ; 1           ;
; Embedded Multiplier Blocks            ; --          ;
; Embedded Multiplier 9-bit elements    ; 2           ;
; Signed Embedded Multipliers           ; 0           ;
; Unsigned Embedded Multipliers         ; 1           ;
; Mixed Sign Embedded Multipliers       ; 0           ;
; Variable Sign Embedded Multipliers    ; 0           ;
; Dedicated Input Shift Register Chains ; 0           ;
+---------------------------------------+-------------+
Note: number of Embedded Multiplier Blocks used is only available after a successful fit.


Encoding Type:  One-Hot
+-----------------------------------------------------------------------------------------+
; State Machine - |top_level|factorial:U_FACT|ctrl1:U_CT|state                            ;
+--------------+--------------+--------------+--------------+--------------+--------------+
; Name         ; state.state4 ; state.state3 ; state.state2 ; state.state1 ; state.state0 ;
+--------------+--------------+--------------+--------------+--------------+--------------+
; state.state0 ; 0            ; 0            ; 0            ; 0            ; 0            ;
; state.state1 ; 0            ; 0            ; 0            ; 1            ; 1            ;
; state.state2 ; 0            ; 0            ; 1            ; 0            ; 1            ;
; state.state3 ; 0            ; 1            ; 0            ; 0            ; 1            ;
; state.state4 ; 1            ; 0            ; 0            ; 0            ; 1            ;
+--------------+--------------+--------------+--------------+--------------+--------------+


+------------------------------------------------------+
; General Register Statistics                          ;
+----------------------------------------------+-------+
; Statistic                                    ; Value ;
+----------------------------------------------+-------+
; Total registers                              ; 53    ;
; Number of registers using Synchronous Clear  ; 0     ;
; Number of registers using Synchronous Load   ; 16    ;
; Number of registers using Asynchronous Clear ; 53    ;
; Number of registers using Asynchronous Load  ; 0     ;
; Number of registers using Clock Enable       ; 32    ;
; Number of registers using Preset             ; 0     ;
+----------------------------------------------+-------+


+---------------------------------------------------------------------------+
; Parameter Settings for User Entity Instance: Top-level Entity: |top_level ;
+----------------+-------+--------------------------------------------------+
; Parameter Name ; Value ; Type                                             ;
+----------------+-------+--------------------------------------------------+
; WIDTH          ; 16    ; Signed Integer                                   ;
+----------------+-------+--------------------------------------------------+
Note: In order to hide this table in the UI and the text report file, please set the "Show Parameter Settings in Synthesis Report" option in "Analysis and Synthesis Settings -> More Settings" to "Off".


+---------------------------------------------------------------+
; Parameter Settings for User Entity Instance: factorial:U_FACT ;
+----------------+-------+--------------------------------------+
; Parameter Name ; Value ; Type                                 ;
+----------------+-------+--------------------------------------+
; width          ; 16    ; Signed Integer                       ;
+----------------+-------+--------------------------------------+
Note: In order to hide this table in the UI and the text report file, please set the "Show Parameter Settings in Synthesis Report" option in "Analysis and Synthesis Settings -> More Settings" to "Off".


+------------------------------------------------------------------------------+
; Parameter Settings for User Entity Instance: factorial:U_FACT|datapath1:U_DP ;
+----------------+-------+-----------------------------------------------------+
; Parameter Name ; Value ; Type                                                ;
+----------------+-------+-----------------------------------------------------+
; width          ; 16    ; Signed Integer                                      ;
+----------------+-------+-----------------------------------------------------+
Note: In order to hide this table in the UI and the text report file, please set the "Show Parameter Settings in Synthesis Report" option in "Analysis and Synthesis Settings -> More Settings" to "Off".


+------------------------------------------------------------------------------------------------+
; Parameter Settings for User Entity Instance: factorial:U_FACT|datapath1:U_DP|mux2x1:U_MUX_regN ;
+----------------+-------+-----------------------------------------------------------------------+
; Parameter Name ; Value ; Type                                                                  ;
+----------------+-------+-----------------------------------------------------------------------+
; width          ; 16    ; Signed Integer                                                        ;
+----------------+-------+-----------------------------------------------------------------------+
Note: In order to hide this table in the UI and the text report file, please set the "Show Parameter Settings in Synthesis Report" option in "Analysis and Synthesis Settings -> More Settings" to "Off".


+----------------------------------------------------------------------------------------------------+
; Parameter Settings for User Entity Instance: factorial:U_FACT|datapath1:U_DP|mux2x1:U_MUX_tempFact ;
+----------------+-------+---------------------------------------------------------------------------+
; Parameter Name ; Value ; Type                                                                      ;
+----------------+-------+---------------------------------------------------------------------------+
; width          ; 16    ; Signed Integer                                                            ;
+----------------+-------+---------------------------------------------------------------------------+
Note: In order to hide this table in the UI and the text report file, please set the "Show Parameter Settings in Synthesis Report" option in "Analysis and Synthesis Settings -> More Settings" to "Off".


+---------------------------------------------------------------------------------------------+
; Parameter Settings for User Entity Instance: factorial:U_FACT|datapath1:U_DP|reg:U_REG_regN ;
+----------------+-------+--------------------------------------------------------------------+
; Parameter Name ; Value ; Type                                                               ;
+----------------+-------+--------------------------------------------------------------------+
; width          ; 16    ; Signed Integer                                                     ;
+----------------+-------+--------------------------------------------------------------------+
Note: In order to hide this table in the UI and the text report file, please set the "Show Parameter Settings in Synthesis Report" option in "Analysis and Synthesis Settings -> More Settings" to "Off".


+-------------------------------------------------------------------------------------------------+
; Parameter Settings for User Entity Instance: factorial:U_FACT|datapath1:U_DP|reg:U_REG_tempFact ;
+----------------+-------+------------------------------------------------------------------------+
; Parameter Name ; Value ; Type                                                                   ;
+----------------+-------+------------------------------------------------------------------------+
; width          ; 16    ; Signed Integer                                                         ;
+----------------+-------+------------------------------------------------------------------------+
Note: In order to hide this table in the UI and the text report file, please set the "Show Parameter Settings in Synthesis Report" option in "Analysis and Synthesis Settings -> More Settings" to "Off".


+------------------------------------------------------------------------------------------+
; Parameter Settings for User Entity Instance: factorial:U_FACT|datapath1:U_DP|mult:U_MULT ;
+----------------+-------+-----------------------------------------------------------------+
; Parameter Name ; Value ; Type                                                            ;
+----------------+-------+-----------------------------------------------------------------+
; width          ; 16    ; Signed Integer                                                  ;
+----------------+-------+-----------------------------------------------------------------+
Note: In order to hide this table in the UI and the text report file, please set the "Show Parameter Settings in Synthesis Report" option in "Analysis and Synthesis Settings -> More Settings" to "Off".


+--------------------------------------------------------------------------------------------------------+
; Parameter Settings for User Entity Instance: factorial:U_FACT|datapath1:U_DP|decrementor:U_DECREMENTOR ;
+----------------+-------+-------------------------------------------------------------------------------+
; Parameter Name ; Value ; Type                                                                          ;
+----------------+-------+-------------------------------------------------------------------------------+
; width          ; 16    ; Signed Integer                                                                ;
+----------------+-------+-------------------------------------------------------------------------------+
Note: In order to hide this table in the UI and the text report file, please set the "Show Parameter Settings in Synthesis Report" option in "Analysis and Synthesis Settings -> More Settings" to "Off".


+------------------------------------------------------------------------------------------+
; Parameter Settings for User Entity Instance: factorial:U_FACT|datapath1:U_DP|comp:U_COMP ;
+----------------+-------+-----------------------------------------------------------------+
; Parameter Name ; Value ; Type                                                            ;
+----------------+-------+-----------------------------------------------------------------+
; width          ; 16    ; Signed Integer                                                  ;
+----------------+-------+-----------------------------------------------------------------+
Note: In order to hide this table in the UI and the text report file, please set the "Show Parameter Settings in Synthesis Report" option in "Analysis and Synthesis Settings -> More Settings" to "Off".


+-----------------------------------------------------------------------------------------------+
; Parameter Settings for User Entity Instance: factorial:U_FACT|datapath1:U_DP|reg:U_REG_output ;
+----------------+-------+----------------------------------------------------------------------+
; Parameter Name ; Value ; Type                                                                 ;
+----------------+-------+----------------------------------------------------------------------+
; width          ; 16    ; Signed Integer                                                       ;
+----------------+-------+----------------------------------------------------------------------+
Note: In order to hide this table in the UI and the text report file, please set the "Show Parameter Settings in Synthesis Report" option in "Analysis and Synthesis Settings -> More Settings" to "Off".


+-------------------------------------------------------------------------------------------------------------+
; Parameter Settings for Inferred Entity Instance: factorial:U_FACT|datapath1:U_DP|mult:U_MULT|lpm_mult:Mult0 ;
+------------------------------------------------+----------+-------------------------------------------------+
; Parameter Name                                 ; Value    ; Type                                            ;
+------------------------------------------------+----------+-------------------------------------------------+
; AUTO_CARRY_CHAINS                              ; ON       ; AUTO_CARRY                                      ;
; IGNORE_CARRY_BUFFERS                           ; OFF      ; IGNORE_CARRY                                    ;
; AUTO_CASCADE_CHAINS                            ; ON       ; AUTO_CASCADE                                    ;
; IGNORE_CASCADE_BUFFERS                         ; OFF      ; IGNORE_CASCADE                                  ;
; LPM_WIDTHA                                     ; 16       ; Untyped                                         ;
; LPM_WIDTHB                                     ; 16       ; Untyped                                         ;
; LPM_WIDTHP                                     ; 32       ; Untyped                                         ;
; LPM_WIDTHR                                     ; 32       ; Untyped                                         ;
; LPM_WIDTHS                                     ; 1        ; Untyped                                         ;
; LPM_REPRESENTATION                             ; UNSIGNED ; Untyped                                         ;
; LPM_PIPELINE                                   ; 0        ; Untyped                                         ;
; LATENCY                                        ; 0        ; Untyped                                         ;
; INPUT_A_IS_CONSTANT                            ; NO       ; Untyped                                         ;
; INPUT_B_IS_CONSTANT                            ; NO       ; Untyped                                         ;
; USE_EAB                                        ; OFF      ; Untyped                                         ;
; MAXIMIZE_SPEED                                 ; 6        ; Untyped                                         ;
; DEVICE_FAMILY                                  ; MAX 10   ; Untyped                                         ;
; CARRY_CHAIN                                    ; MANUAL   ; Untyped                                         ;
; APEX20K_TECHNOLOGY_MAPPER                      ; LUT      ; TECH_MAPPER_APEX20K                             ;
; DEDICATED_MULTIPLIER_CIRCUITRY                 ; AUTO     ; Untyped                                         ;
; DEDICATED_MULTIPLIER_MIN_INPUT_WIDTH_FOR_AUTO  ; 0        ; Untyped                                         ;
; DEDICATED_MULTIPLIER_MIN_OUTPUT_WIDTH_FOR_AUTO ; 0        ; Untyped                                         ;
; CBXI_PARAMETER                                 ; mult_tns ; Untyped                                         ;
; INPUT_A_FIXED_VALUE                            ; Bx       ; Untyped                                         ;
; INPUT_B_FIXED_VALUE                            ; Bx       ; Untyped                                         ;
; USE_AHDL_IMPLEMENTATION                        ; OFF      ; Untyped                                         ;
+------------------------------------------------+----------+-------------------------------------------------+
Note: In order to hide this table in the UI and the text report file, please set the "Show Parameter Settings in Synthesis Report" option in "Analysis and Synthesis Settings -> More Settings" to "Off".


+------------------------------------------------------------------+
; Parameter Settings for Inferred Entity Instance: lpm_divide:Mod0 ;
+------------------------+----------------+------------------------+
; Parameter Name         ; Value          ; Type                   ;
+------------------------+----------------+------------------------+
; LPM_WIDTHN             ; 16             ; Untyped                ;
; LPM_WIDTHD             ; 16             ; Untyped                ;
; LPM_NREPRESENTATION    ; UNSIGNED       ; Untyped                ;
; LPM_DREPRESENTATION    ; UNSIGNED       ; Untyped                ;
; LPM_PIPELINE           ; 0              ; Untyped                ;
; LPM_REMAINDERPOSITIVE  ; TRUE           ; Untyped                ;
; MAXIMIZE_SPEED         ; 5              ; Untyped                ;
; CBXI_PARAMETER         ; lpm_divide_enl ; Untyped                ;
; CARRY_CHAIN            ; MANUAL         ; Untyped                ;
; OPTIMIZE_FOR_SPEED     ; 5              ; Untyped                ;
; AUTO_CARRY_CHAINS      ; ON             ; AUTO_CARRY             ;
; IGNORE_CARRY_BUFFERS   ; OFF            ; IGNORE_CARRY           ;
; AUTO_CASCADE_CHAINS    ; ON             ; AUTO_CASCADE           ;
; IGNORE_CASCADE_BUFFERS ; OFF            ; IGNORE_CASCADE         ;
+------------------------+----------------+------------------------+
Note: In order to hide this table in the UI and the text report file, please set the "Show Parameter Settings in Synthesis Report" option in "Analysis and Synthesis Settings -> More Settings" to "Off".


+----------------------------------------------------------------------------------------------------+
; lpm_mult Parameter Settings by Entity Instance                                                     ;
+---------------------------------------+------------------------------------------------------------+
; Name                                  ; Value                                                      ;
+---------------------------------------+------------------------------------------------------------+
; Number of entity instances            ; 1                                                          ;
; Entity Instance                       ; factorial:U_FACT|datapath1:U_DP|mult:U_MULT|lpm_mult:Mult0 ;
;     -- LPM_WIDTHA                     ; 16                                                         ;
;     -- LPM_WIDTHB                     ; 16                                                         ;
;     -- LPM_WIDTHP                     ; 32                                                         ;
;     -- LPM_REPRESENTATION             ; UNSIGNED                                                   ;
;     -- INPUT_A_IS_CONSTANT            ; NO                                                         ;
;     -- INPUT_B_IS_CONSTANT            ; NO                                                         ;
;     -- USE_EAB                        ; OFF                                                        ;
;     -- DEDICATED_MULTIPLIER_CIRCUITRY ; AUTO                                                       ;
;     -- INPUT_A_FIXED_VALUE            ; Bx                                                         ;
;     -- INPUT_B_FIXED_VALUE            ; Bx                                                         ;
+---------------------------------------+------------------------------------------------------------+


+-----------------------------------------------+
; Port Connectivity Checks: "seg:U_LED0"        ;
+-------------+-------+----------+--------------+
; Port        ; Type  ; Severity ; Details      ;
+-------------+-------+----------+--------------+
; input[3..1] ; Input ; Info     ; Stuck at GND ;
+-------------+-------+----------+--------------+


+-----------------------------------------+
; Port Connectivity Checks: "seg:U_LED5"  ;
+-------+-------+----------+--------------+
; Port  ; Type  ; Severity ; Details      ;
+-------+-------+----------+--------------+
; input ; Input ; Info     ; Stuck at GND ;
+-------+-------+----------+--------------+


+-----------------------------------------------------------------------------------------------------------------------------+
; Port Connectivity Checks: "segment_crtl:U_SEG_CONTL|bcd_converter:bcd_conv"                                                 ;
+-------------------+--------+----------+-------------------------------------------------------------------------------------+
; Port              ; Type   ; Severity ; Details                                                                             ;
+-------------------+--------+----------+-------------------------------------------------------------------------------------+
; in_binary[31..16] ; Input  ; Info     ; Stuck at GND                                                                        ;
; digit_4           ; Output ; Info     ; Connected to dangling logic. Logic that only feeds a dangling port will be removed. ;
; digit_5           ; Output ; Info     ; Connected to dangling logic. Logic that only feeds a dangling port will be removed. ;
; digit_6           ; Output ; Info     ; Connected to dangling logic. Logic that only feeds a dangling port will be removed. ;
; digit_7           ; Output ; Info     ; Connected to dangling logic. Logic that only feeds a dangling port will be removed. ;
; digit_8           ; Output ; Info     ; Connected to dangling logic. Logic that only feeds a dangling port will be removed. ;
; digit_9           ; Output ; Info     ; Connected to dangling logic. Logic that only feeds a dangling port will be removed. ;
+-------------------+--------+----------+-------------------------------------------------------------------------------------+


+-----------------------------------------------------------------------------------+
; Port Connectivity Checks: "factorial:U_FACT|datapath1:U_DP|mux2x1:U_MUX_tempFact" ;
+------------+-------+----------+---------------------------------------------------+
; Port       ; Type  ; Severity ; Details                                           ;
+------------+-------+----------+---------------------------------------------------+
; in1[15..1] ; Input ; Info     ; Stuck at GND                                      ;
; in1[0]     ; Input ; Info     ; Stuck at VCC                                      ;
+------------+-------+----------+---------------------------------------------------+


+-----------------------------------------------------+
; Post-Synthesis Netlist Statistics for Top Partition ;
+-----------------------+-----------------------------+
; Type                  ; Count                       ;
+-----------------------+-----------------------------+
; boundary_port         ; 62                          ;
; cycloneiii_ff         ; 53                          ;
;     CLR               ; 5                           ;
;     CLR SLD           ; 16                          ;
;     ENA CLR           ; 32                          ;
; cycloneiii_lcell_comb ; 265                         ;
;     arith             ; 37                          ;
;         1 data inputs ; 12                          ;
;         2 data inputs ; 21                          ;
;         3 data inputs ; 4                           ;
;     normal            ; 228                         ;
;         0 data inputs ; 4                           ;
;         1 data inputs ; 9                           ;
;         2 data inputs ; 11                          ;
;         3 data inputs ; 35                          ;
;         4 data inputs ; 169                         ;
; cycloneiii_mac_mult   ; 1                           ;
; cycloneiii_mac_out    ; 1                           ;
;                       ;                             ;
; Max LUT depth         ; 15.00                       ;
; Average LUT depth     ; 8.11                        ;
+-----------------------+-----------------------------+


+-------------------------------+
; Elapsed Time Per Partition    ;
+----------------+--------------+
; Partition Name ; Elapsed Time ;
+----------------+--------------+
; Top            ; 00:01:00     ;
+----------------+--------------+


+-------------------------------+
; Analysis & Synthesis Messages ;
+-------------------------------+
Info: *******************************************************************
Info: Running Quartus Prime Analysis & Synthesis
    Info: Version 17.1.0 Build 590 10/25/2017 SJ Lite Edition
    Info: Processing started: Tue Oct 20 19:14:44 2020
Info: Command: quartus_map --read_settings_files=on --write_settings_files=off fact_top -c fact_top
Warning (18236): Number of processors has not been specified which may cause overloading on shared machines.  Set the global assignment NUM_PARALLEL_PROCESSORS in your QSF to an appropriate value for best performance.
Info (20030): Parallel compilation is enabled and will use 4 of the 4 processors detected
Info (12021): Found 1 design units, including 1 entities, in source file de10_lite_golden_top.v
    Info (12023): Found entity 1: DE10_LITE_Golden_Top File: C:/Users/Johnny Li/Desktop/QuartusDD/Lab5/fact_top/DE10_LITE_Golden_Top.v Line: 29
Info (12021): Found 2 design units, including 1 entities, in source file comp.vhd
    Info (12022): Found design unit 1: comp-UNSIGNED_INPUTS File: C:/Users/Johnny Li/Desktop/QuartusDD/Lab5/fact_top/comp.vhd Line: 27
    Info (12023): Found entity 1: comp File: C:/Users/Johnny Li/Desktop/QuartusDD/Lab5/fact_top/comp.vhd Line: 16
Info (12021): Found 2 design units, including 1 entities, in source file ctrl1.vhd
    Info (12022): Found design unit 1: ctrl1-BHV File: C:/Users/Johnny Li/Desktop/QuartusDD/Lab5/fact_top/ctrl1.vhd Line: 23
    Info (12023): Found entity 1: ctrl1 File: C:/Users/Johnny Li/Desktop/QuartusDD/Lab5/fact_top/ctrl1.vhd Line: 8
Info (12021): Found 2 design units, including 1 entities, in source file datapath1.vhd
    Info (12022): Found design unit 1: datapath1-STR File: C:/Users/Johnny Li/Desktop/QuartusDD/Lab5/fact_top/datapath1.vhd Line: 27
    Info (12023): Found entity 1: datapath1 File: C:/Users/Johnny Li/Desktop/QuartusDD/Lab5/fact_top/datapath1.vhd Line: 8
Info (12021): Found 2 design units, including 1 entities, in source file reg.vhd
    Info (12022): Found design unit 1: reg-BHV File: C:/Users/Johnny Li/Desktop/QuartusDD/Lab5/fact_top/reg.vhd Line: 19
    Info (12023): Found entity 1: reg File: C:/Users/Johnny Li/Desktop/QuartusDD/Lab5/fact_top/reg.vhd Line: 7
Info (12021): Found 2 design units, including 1 entities, in source file mux2x1.vhd
    Info (12022): Found design unit 1: mux2x1-BHV File: C:/Users/Johnny Li/Desktop/QuartusDD/Lab5/fact_top/mux2x1.vhd Line: 17
    Info (12023): Found entity 1: mux2x1 File: C:/Users/Johnny Li/Desktop/QuartusDD/Lab5/fact_top/mux2x1.vhd Line: 7
Info (12021): Found 2 design units, including 1 entities, in source file mult.vhd
    Info (12022): Found design unit 1: mult-bhv File: C:/Users/Johnny Li/Desktop/QuartusDD/Lab5/fact_top/mult.vhd Line: 19
    Info (12023): Found entity 1: mult File: C:/Users/Johnny Li/Desktop/QuartusDD/Lab5/fact_top/mult.vhd Line: 9
Info (12021): Found 2 design units, including 1 entities, in source file decrementor.vhd
    Info (12022): Found design unit 1: decrementor-bhv File: C:/Users/Johnny Li/Desktop/QuartusDD/Lab5/fact_top/decrementor.vhd Line: 18
    Info (12023): Found entity 1: decrementor File: C:/Users/Johnny Li/Desktop/QuartusDD/Lab5/fact_top/decrementor.vhd Line: 8
Info (12021): Found 2 design units, including 1 entities, in source file top_level.vhd
    Info (12022): Found design unit 1: top_level-STR File: C:/Users/Johnny Li/Desktop/QuartusDD/Lab5/fact_top/top_level.vhd Line: 32
    Info (12023): Found entity 1: top_level File: C:/Users/Johnny Li/Desktop/QuartusDD/Lab5/fact_top/top_level.vhd Line: 8
Info (12021): Found 3 design units, including 1 entities, in source file factorial.vhd
    Info (12022): Found design unit 1: factorial-FSM_D File: C:/Users/Johnny Li/Desktop/QuartusDD/Lab5/fact_top/factorial.vhd Line: 20
    Info (12022): Found design unit 2: factorial-FSM_D1 File: C:/Users/Johnny Li/Desktop/QuartusDD/Lab5/fact_top/factorial.vhd Line: 79
    Info (12023): Found entity 1: factorial File: C:/Users/Johnny Li/Desktop/QuartusDD/Lab5/fact_top/factorial.vhd Line: 5
Info (12021): Found 2 design units, including 1 entities, in source file bcd_converter.vhd
    Info (12022): Found design unit 1: bcd_converter-a File: C:/Users/Johnny Li/Desktop/QuartusDD/Lab5/fact_top/bcd_converter.vhd Line: 29
    Info (12023): Found entity 1: bcd_converter File: C:/Users/Johnny Li/Desktop/QuartusDD/Lab5/fact_top/bcd_converter.vhd Line: 13
Info (12021): Found 2 design units, including 1 entities, in source file segment_crtl.vhd
    Info (12022): Found design unit 1: segment_crtl-arch File: C:/Users/Johnny Li/Desktop/QuartusDD/Lab5/fact_top/segment_crtl.vhd Line: 21
    Info (12023): Found entity 1: segment_crtl File: C:/Users/Johnny Li/Desktop/QuartusDD/Lab5/fact_top/segment_crtl.vhd Line: 8
Info (12021): Found 2 design units, including 1 entities, in source file seg.vhd
    Info (12022): Found design unit 1: seg-Behavior File: C:/Users/Johnny Li/Desktop/QuartusDD/Lab5/fact_top/seg.vhd Line: 14
    Info (12023): Found entity 1: seg File: C:/Users/Johnny Li/Desktop/QuartusDD/Lab5/fact_top/seg.vhd Line: 8
Info (12127): Elaborating entity "top_level" for the top level hierarchy
Info (12129): Elaborating entity "factorial" using architecture "A:fsm_d1" for hierarchy "factorial:U_FACT" File: C:/Users/Johnny Li/Desktop/QuartusDD/Lab5/fact_top/top_level.vhd Line: 54
Info (12128): Elaborating entity "ctrl1" for hierarchy "factorial:U_FACT|ctrl1:U_CT" File: C:/Users/Johnny Li/Desktop/QuartusDD/Lab5/fact_top/factorial.vhd Line: 85
Info (12128): Elaborating entity "datapath1" for hierarchy "factorial:U_FACT|datapath1:U_DP" File: C:/Users/Johnny Li/Desktop/QuartusDD/Lab5/fact_top/factorial.vhd Line: 98
Info (12128): Elaborating entity "mux2x1" for hierarchy "factorial:U_FACT|datapath1:U_DP|mux2x1:U_MUX_regN" File: C:/Users/Johnny Li/Desktop/QuartusDD/Lab5/fact_top/datapath1.vhd Line: 37
Info (12128): Elaborating entity "reg" for hierarchy "factorial:U_FACT|datapath1:U_DP|reg:U_REG_regN" File: C:/Users/Johnny Li/Desktop/QuartusDD/Lab5/fact_top/datapath1.vhd Line: 53
Info (12128): Elaborating entity "mult" for hierarchy "factorial:U_FACT|datapath1:U_DP|mult:U_MULT" File: C:/Users/Johnny Li/Desktop/QuartusDD/Lab5/fact_top/datapath1.vhd Line: 71
Info (12128): Elaborating entity "decrementor" for hierarchy "factorial:U_FACT|datapath1:U_DP|decrementor:U_DECREMENTOR" File: C:/Users/Johnny Li/Desktop/QuartusDD/Lab5/fact_top/datapath1.vhd Line: 78
Info (12129): Elaborating entity "comp" using architecture "A:unsigned_inputs" for hierarchy "factorial:U_FACT|datapath1:U_DP|comp:U_COMP" File: C:/Users/Johnny Li/Desktop/QuartusDD/Lab5/fact_top/datapath1.vhd Line: 84
Warning (10540): VHDL Signal Declaration warning at comp.vhd(28): used explicit default value for signal "in2" because signal was never assigned a value File: C:/Users/Johnny Li/Desktop/QuartusDD/Lab5/fact_top/comp.vhd Line: 28
Info (12128): Elaborating entity "segment_crtl" for hierarchy "segment_crtl:U_SEG_CONTL" File: C:/Users/Johnny Li/Desktop/QuartusDD/Lab5/fact_top/top_level.vhd Line: 67
Info (12128): Elaborating entity "bcd_converter" for hierarchy "segment_crtl:U_SEG_CONTL|bcd_converter:bcd_conv" File: C:/Users/Johnny Li/Desktop/QuartusDD/Lab5/fact_top/segment_crtl.vhd Line: 58
Info (12128): Elaborating entity "seg" for hierarchy "segment_crtl:U_SEG_CONTL|seg:displ0" File: C:/Users/Johnny Li/Desktop/QuartusDD/Lab5/fact_top/segment_crtl.vhd Line: 60
Info (278001): Inferred 2 megafunctions from design logic
    Info (278003): Inferred multiplier megafunction ("lpm_mult") from the following logic: "factorial:U_FACT|datapath1:U_DP|mult:U_MULT|Mult0" File: C:/Users/Johnny Li/Desktop/QuartusDD/Lab5/fact_top/mult.vhd Line: 24
    Info (278004): Inferred divider/modulo megafunction ("lpm_divide") from the following logic: "Mod0" File: C:/Users/Johnny Li/Desktop/QuartusDD/Lab5/fact_top/top_level.vhd Line: 52
Info (12130): Elaborated megafunction instantiation "factorial:U_FACT|datapath1:U_DP|mult:U_MULT|lpm_mult:Mult0" File: C:/Users/Johnny Li/Desktop/QuartusDD/Lab5/fact_top/mult.vhd Line: 24
Info (12133): Instantiated megafunction "factorial:U_FACT|datapath1:U_DP|mult:U_MULT|lpm_mult:Mult0" with the following parameter: File: C:/Users/Johnny Li/Desktop/QuartusDD/Lab5/fact_top/mult.vhd Line: 24
    Info (12134): Parameter "LPM_WIDTHA" = "16"
    Info (12134): Parameter "LPM_WIDTHB" = "16"
    Info (12134): Parameter "LPM_WIDTHP" = "32"
    Info (12134): Parameter "LPM_WIDTHR" = "32"
    Info (12134): Parameter "LPM_WIDTHS" = "1"
    Info (12134): Parameter "LPM_REPRESENTATION" = "UNSIGNED"
    Info (12134): Parameter "INPUT_A_IS_CONSTANT" = "NO"
    Info (12134): Parameter "INPUT_B_IS_CONSTANT" = "NO"
    Info (12134): Parameter "MAXIMIZE_SPEED" = "6"
Info (12021): Found 1 design units, including 1 entities, in source file db/mult_tns.tdf
    Info (12023): Found entity 1: mult_tns File: C:/Users/Johnny Li/Desktop/QuartusDD/Lab5/fact_top/db/mult_tns.tdf Line: 28
Info (12130): Elaborated megafunction instantiation "lpm_divide:Mod0" File: C:/Users/Johnny Li/Desktop/QuartusDD/Lab5/fact_top/top_level.vhd Line: 52
Info (12133): Instantiated megafunction "lpm_divide:Mod0" with the following parameter: File: C:/Users/Johnny Li/Desktop/QuartusDD/Lab5/fact_top/top_level.vhd Line: 52
    Info (12134): Parameter "LPM_WIDTHN" = "16"
    Info (12134): Parameter "LPM_WIDTHD" = "16"
    Info (12134): Parameter "LPM_NREPRESENTATION" = "UNSIGNED"
    Info (12134): Parameter "LPM_DREPRESENTATION" = "UNSIGNED"
Info (12021): Found 1 design units, including 1 entities, in source file db/lpm_divide_enl.tdf
    Info (12023): Found entity 1: lpm_divide_enl File: C:/Users/Johnny Li/Desktop/QuartusDD/Lab5/fact_top/db/lpm_divide_enl.tdf Line: 24
Info (12021): Found 1 design units, including 1 entities, in source file db/sign_div_unsign_dnh.tdf
    Info (12023): Found entity 1: sign_div_unsign_dnh File: C:/Users/Johnny Li/Desktop/QuartusDD/Lab5/fact_top/db/sign_div_unsign_dnh.tdf Line: 24
Info (12021): Found 1 design units, including 1 entities, in source file db/alt_u_div_4le.tdf
    Info (12023): Found entity 1: alt_u_div_4le File: C:/Users/Johnny Li/Desktop/QuartusDD/Lab5/fact_top/db/alt_u_div_4le.tdf Line: 26
Info (12021): Found 1 design units, including 1 entities, in source file db/add_sub_t3c.tdf
    Info (12023): Found entity 1: add_sub_t3c File: C:/Users/Johnny Li/Desktop/QuartusDD/Lab5/fact_top/db/add_sub_t3c.tdf Line: 22
Info (12021): Found 1 design units, including 1 entities, in source file db/add_sub_u3c.tdf
    Info (12023): Found entity 1: add_sub_u3c File: C:/Users/Johnny Li/Desktop/QuartusDD/Lab5/fact_top/db/add_sub_u3c.tdf Line: 22
Warning (13024): Output pins are stuck at VCC or GND
    Warning (13410): Pin "led0[0]" is stuck at VCC File: C:/Users/Johnny Li/Desktop/QuartusDD/Lab5/fact_top/top_level.vhd Line: 17
    Warning (13410): Pin "led0[4]" is stuck at GND File: C:/Users/Johnny Li/Desktop/QuartusDD/Lab5/fact_top/top_level.vhd Line: 17
    Warning (13410): Pin "led0[5]" is stuck at GND File: C:/Users/Johnny Li/Desktop/QuartusDD/Lab5/fact_top/top_level.vhd Line: 17
    Warning (13410): Pin "led0_dp" is stuck at VCC File: C:/Users/Johnny Li/Desktop/QuartusDD/Lab5/fact_top/top_level.vhd Line: 18
    Warning (13410): Pin "led1_dp" is stuck at VCC File: C:/Users/Johnny Li/Desktop/QuartusDD/Lab5/fact_top/top_level.vhd Line: 20
    Warning (13410): Pin "led2_dp" is stuck at VCC File: C:/Users/Johnny Li/Desktop/QuartusDD/Lab5/fact_top/top_level.vhd Line: 22
    Warning (13410): Pin "led3_dp" is stuck at VCC File: C:/Users/Johnny Li/Desktop/QuartusDD/Lab5/fact_top/top_level.vhd Line: 24
    Warning (13410): Pin "led4_dp" is stuck at VCC File: C:/Users/Johnny Li/Desktop/QuartusDD/Lab5/fact_top/top_level.vhd Line: 26
    Warning (13410): Pin "led5[0]" is stuck at VCC File: C:/Users/Johnny Li/Desktop/QuartusDD/Lab5/fact_top/top_level.vhd Line: 27
    Warning (13410): Pin "led5[1]" is stuck at GND File: C:/Users/Johnny Li/Desktop/QuartusDD/Lab5/fact_top/top_level.vhd Line: 27
    Warning (13410): Pin "led5[2]" is stuck at GND File: C:/Users/Johnny Li/Desktop/QuartusDD/Lab5/fact_top/top_level.vhd Line: 27
    Warning (13410): Pin "led5[3]" is stuck at GND File: C:/Users/Johnny Li/Desktop/QuartusDD/Lab5/fact_top/top_level.vhd Line: 27
    Warning (13410): Pin "led5[4]" is stuck at GND File: C:/Users/Johnny Li/Desktop/QuartusDD/Lab5/fact_top/top_level.vhd Line: 27
    Warning (13410): Pin "led5[5]" is stuck at GND File: C:/Users/Johnny Li/Desktop/QuartusDD/Lab5/fact_top/top_level.vhd Line: 27
    Warning (13410): Pin "led5[6]" is stuck at GND File: C:/Users/Johnny Li/Desktop/QuartusDD/Lab5/fact_top/top_level.vhd Line: 27
    Warning (13410): Pin "led5_dp" is stuck at VCC File: C:/Users/Johnny Li/Desktop/QuartusDD/Lab5/fact_top/top_level.vhd Line: 28
Info (286030): Timing-Driven Synthesis is running
Info (16010): Generating hard_block partition "hard_block:auto_generated_inst"
    Info (16011): Adding 0 node(s), including 0 DDIO, 0 PLL, 0 transceiver and 0 LCELL
Warning (21074): Design contains 7 input pin(s) that do not drive logic
    Warning (15610): No output dependent on input pin "rst" File: C:/Users/Johnny Li/Desktop/QuartusDD/Lab5/fact_top/top_level.vhd Line: 14
    Warning (15610): No output dependent on input pin "switch[4]" File: C:/Users/Johnny Li/Desktop/QuartusDD/Lab5/fact_top/top_level.vhd Line: 15
    Warning (15610): No output dependent on input pin "switch[5]" File: C:/Users/Johnny Li/Desktop/QuartusDD/Lab5/fact_top/top_level.vhd Line: 15
    Warning (15610): No output dependent on input pin "switch[6]" File: C:/Users/Johnny Li/Desktop/QuartusDD/Lab5/fact_top/top_level.vhd Line: 15
    Warning (15610): No output dependent on input pin "switch[7]" File: C:/Users/Johnny Li/Desktop/QuartusDD/Lab5/fact_top/top_level.vhd Line: 15
    Warning (15610): No output dependent on input pin "button[0]" File: C:/Users/Johnny Li/Desktop/QuartusDD/Lab5/fact_top/top_level.vhd Line: 16
    Warning (15610): No output dependent on input pin "button[1]" File: C:/Users/Johnny Li/Desktop/QuartusDD/Lab5/fact_top/top_level.vhd Line: 16
Info (21057): Implemented 336 device resources after synthesis - the final resource count might be different
    Info (21058): Implemented 14 input pins
    Info (21059): Implemented 48 output pins
    Info (21061): Implemented 272 logic cells
    Info (21062): Implemented 2 DSP elements
Info: Quartus Prime Analysis & Synthesis was successful. 0 errors, 27 warnings
    Info: Peak virtual memory: 4797 megabytes
    Info: Processing ended: Tue Oct 20 19:17:39 2020
    Info: Elapsed time: 00:02:55
    Info: Total CPU time (on all processors): 00:01:59


