Assembler report for rca
Fri Sep 11 15:16:47 2020
Quartus Prime Version 17.1.0 Build 590 10/25/2017 SJ Lite Edition


---------------------
; Table of Contents ;
---------------------
  1. Legal Notice
  2. Assembler Summary
  3. Assembler Settings
  4. Assembler Generated Files
  5. Assembler Device Options: C:/Users/Johnny Li/Desktop/QuartusDD/Lab1/Lab1.2/rca/output_files/rca.pof
  6. Assembler Messages



----------------
; Legal Notice ;
----------------
Copyright (C) 2017  Intel Corporation. All rights reserved.
Your use of Intel Corporation's design tools, logic functions 
and other software and tools, and its AMPP partner logic 
functions, and any output files from any of the foregoing 
(including device programming or simulation files), and any 
associated documentation or information are expressly subject 
to the terms and conditions of the Intel Program License 
Subscription Agreement, the Intel Quartus Prime License Agreement,
the Intel FPGA IP License Agreement, or other applicable license
agreement, including, without limitation, that your use is for
the sole purpose of programming logic devices manufactured by
Intel and sold by Intel or its authorized distributors.  Please
refer to the applicable agreement for further details.



+---------------------------------------------------------------+
; Assembler Summary                                             ;
+-----------------------+---------------------------------------+
; Assembler Status      ; Successful - Fri Sep 11 15:16:47 2020 ;
; Revision Name         ; rca                                   ;
; Top-level Entity Name ; adder                                 ;
; Family                ; MAX II                                ;
; Device                ; EPM2210F324C5                         ;
+-----------------------+---------------------------------------+


+----------------------------------+
; Assembler Settings               ;
+--------+---------+---------------+
; Option ; Setting ; Default Value ;
+--------+---------+---------------+


+---------------------------------------------------------------------------+
; Assembler Generated Files                                                 ;
+---------------------------------------------------------------------------+
; File Name                                                                 ;
+---------------------------------------------------------------------------+
; C:/Users/Johnny Li/Desktop/QuartusDD/Lab1/Lab1.2/rca/output_files/rca.pof ;
+---------------------------------------------------------------------------+


+-----------------------------------------------------------------------------------------------------+
; Assembler Device Options: C:/Users/Johnny Li/Desktop/QuartusDD/Lab1/Lab1.2/rca/output_files/rca.pof ;
+----------------+------------------------------------------------------------------------------------+
; Option         ; Setting                                                                            ;
+----------------+------------------------------------------------------------------------------------+
; JTAG usercode  ; 0x00A48DEB                                                                         ;
; Checksum       ; 0x00A48E04                                                                         ;
+----------------+------------------------------------------------------------------------------------+


+--------------------+
; Assembler Messages ;
+--------------------+
Info: *******************************************************************
Info: Running Quartus Prime Assembler
    Info: Version 17.1.0 Build 590 10/25/2017 SJ Lite Edition
    Info: Processing started: Fri Sep 11 15:16:44 2020
Info: Command: quartus_asm --read_settings_files=off --write_settings_files=off rca -c rca
Warning (18236): Number of processors has not been specified which may cause overloading on shared machines.  Set the global assignment NUM_PARALLEL_PROCESSORS in your QSF to an appropriate value for best performance.
Info (115031): Writing out detailed assembly data for power analysis
Info (115030): Assembler is generating device programming files
Info: Quartus Prime Assembler was successful. 0 errors, 1 warning
    Info: Peak virtual memory: 4646 megabytes
    Info: Processing ended: Fri Sep 11 15:16:47 2020
    Info: Elapsed time: 00:00:03
    Info: Total CPU time (on all processors): 00:00:02


