Analysis & Synthesis report for FSM_top
Mon Oct 12 12:49:56 2020
Quartus Prime Version 17.1.0 Build 590 10/25/2017 SJ Lite Edition


---------------------
; Table of Contents ;
---------------------
  1. Legal Notice
  2. Analysis & Synthesis Summary
  3. Analysis & Synthesis Settings
  4. Parallel Compilation
  5. Analysis & Synthesis Source Files Read
  6. Analysis & Synthesis Resource Usage Summary
  7. Analysis & Synthesis Resource Utilization by Entity
  8. State Machine - |top_level|gray2:U_GRAY|state
  9. General Register Statistics
 10. Multiplexer Restructuring Statistics (Restructuring Performed)
 11. Parameter Settings for User Entity Instance: clk_gen:U_CLK_GEN
 12. Parameter Settings for User Entity Instance: clk_gen:U_CLK_GEN|clk_div:U_CD
 13. Port Connectivity Checks: "decoder7seg:U_LED0"
 14. Port Connectivity Checks: "decoder7seg:U_LED1"
 15. Port Connectivity Checks: "decoder7seg:U_LED2"
 16. Port Connectivity Checks: "decoder7seg:U_LED3"
 17. Post-Synthesis Netlist Statistics for Top Partition
 18. Elapsed Time Per Partition
 19. Analysis & Synthesis Messages



----------------
; Legal Notice ;
----------------
Copyright (C) 2017  Intel Corporation. All rights reserved.
Your use of Intel Corporation's design tools, logic functions 
and other software and tools, and its AMPP partner logic 
functions, and any output files from any of the foregoing 
(including device programming or simulation files), and any 
associated documentation or information are expressly subject 
to the terms and conditions of the Intel Program License 
Subscription Agreement, the Intel Quartus Prime License Agreement,
the Intel FPGA IP License Agreement, or other applicable license
agreement, including, without limitation, that your use is for
the sole purpose of programming logic devices manufactured by
Intel and sold by Intel or its authorized distributors.  Please
refer to the applicable agreement for further details.



+----------------------------------------------------------------------------------+
; Analysis & Synthesis Summary                                                     ;
+------------------------------------+---------------------------------------------+
; Analysis & Synthesis Status        ; Successful - Mon Oct 12 12:49:56 2020       ;
; Quartus Prime Version              ; 17.1.0 Build 590 10/25/2017 SJ Lite Edition ;
; Revision Name                      ; FSM_top                                     ;
; Top-level Entity Name              ; top_level                                   ;
; Family                             ; MAX 10                                      ;
; Total logic elements               ; 149                                         ;
;     Total combinational functions  ; 149                                         ;
;     Dedicated logic registers      ; 70                                          ;
; Total registers                    ; 70                                          ;
; Total pins                         ; 62                                          ;
; Total virtual pins                 ; 0                                           ;
; Total memory bits                  ; 0                                           ;
; Embedded Multiplier 9-bit elements ; 0                                           ;
; Total PLLs                         ; 0                                           ;
; UFM blocks                         ; 0                                           ;
; ADC blocks                         ; 0                                           ;
+------------------------------------+---------------------------------------------+


+----------------------------------------------------------------------------------------------------------------------+
; Analysis & Synthesis Settings                                                                                        ;
+----------------------------------------------------------------------------+--------------------+--------------------+
; Option                                                                     ; Setting            ; Default Value      ;
+----------------------------------------------------------------------------+--------------------+--------------------+
; Device                                                                     ; 10M50DAF484C6GES   ;                    ;
; Top-level entity name                                                      ; top_level          ; FSM_top            ;
; Family name                                                                ; MAX 10             ; Cyclone V          ;
; Use smart compilation                                                      ; Off                ; Off                ;
; Enable parallel Assembler and TimeQuest Timing Analyzer during compilation ; On                 ; On                 ;
; Enable compact report table                                                ; Off                ; Off                ;
; Restructure Multiplexers                                                   ; Auto               ; Auto               ;
; Create Debugging Nodes for IP Cores                                        ; Off                ; Off                ;
; Preserve fewer node names                                                  ; On                 ; On                 ;
; Intel FPGA IP Evaluation Mode                                              ; Enable             ; Enable             ;
; Verilog Version                                                            ; Verilog_2001       ; Verilog_2001       ;
; VHDL Version                                                               ; VHDL_1993          ; VHDL_1993          ;
; State Machine Processing                                                   ; Auto               ; Auto               ;
; Safe State Machine                                                         ; Off                ; Off                ;
; Extract Verilog State Machines                                             ; On                 ; On                 ;
; Extract VHDL State Machines                                                ; On                 ; On                 ;
; Ignore Verilog initial constructs                                          ; Off                ; Off                ;
; Iteration limit for constant Verilog loops                                 ; 5000               ; 5000               ;
; Iteration limit for non-constant Verilog loops                             ; 250                ; 250                ;
; Add Pass-Through Logic to Inferred RAMs                                    ; On                 ; On                 ;
; Infer RAMs from Raw Logic                                                  ; On                 ; On                 ;
; Parallel Synthesis                                                         ; On                 ; On                 ;
; DSP Block Balancing                                                        ; Auto               ; Auto               ;
; NOT Gate Push-Back                                                         ; On                 ; On                 ;
; Power-Up Don't Care                                                        ; On                 ; On                 ;
; Remove Redundant Logic Cells                                               ; Off                ; Off                ;
; Remove Duplicate Registers                                                 ; On                 ; On                 ;
; Ignore CARRY Buffers                                                       ; Off                ; Off                ;
; Ignore CASCADE Buffers                                                     ; Off                ; Off                ;
; Ignore GLOBAL Buffers                                                      ; Off                ; Off                ;
; Ignore ROW GLOBAL Buffers                                                  ; Off                ; Off                ;
; Ignore LCELL Buffers                                                       ; Off                ; Off                ;
; Ignore SOFT Buffers                                                        ; On                 ; On                 ;
; Limit AHDL Integers to 32 Bits                                             ; Off                ; Off                ;
; Optimization Technique                                                     ; Balanced           ; Balanced           ;
; Carry Chain Length                                                         ; 70                 ; 70                 ;
; Auto Carry Chains                                                          ; On                 ; On                 ;
; Auto Open-Drain Pins                                                       ; On                 ; On                 ;
; Perform WYSIWYG Primitive Resynthesis                                      ; Off                ; Off                ;
; Auto ROM Replacement                                                       ; On                 ; On                 ;
; Auto RAM Replacement                                                       ; On                 ; On                 ;
; Auto DSP Block Replacement                                                 ; On                 ; On                 ;
; Auto Shift Register Replacement                                            ; Auto               ; Auto               ;
; Allow Shift Register Merging across Hierarchies                            ; Auto               ; Auto               ;
; Auto Clock Enable Replacement                                              ; On                 ; On                 ;
; Strict RAM Replacement                                                     ; Off                ; Off                ;
; Allow Synchronous Control Signals                                          ; On                 ; On                 ;
; Force Use of Synchronous Clear Signals                                     ; Off                ; Off                ;
; Auto RAM Block Balancing                                                   ; On                 ; On                 ;
; Auto RAM to Logic Cell Conversion                                          ; Off                ; Off                ;
; Auto Resource Sharing                                                      ; Off                ; Off                ;
; Allow Any RAM Size For Recognition                                         ; Off                ; Off                ;
; Allow Any ROM Size For Recognition                                         ; Off                ; Off                ;
; Allow Any Shift Register Size For Recognition                              ; Off                ; Off                ;
; Use LogicLock Constraints during Resource Balancing                        ; On                 ; On                 ;
; Ignore translate_off and synthesis_off directives                          ; Off                ; Off                ;
; Timing-Driven Synthesis                                                    ; On                 ; On                 ;
; Report Parameter Settings                                                  ; On                 ; On                 ;
; Report Source Assignments                                                  ; On                 ; On                 ;
; Report Connectivity Checks                                                 ; On                 ; On                 ;
; Ignore Maximum Fan-Out Assignments                                         ; Off                ; Off                ;
; Synchronization Register Chain Length                                      ; 2                  ; 2                  ;
; Power Optimization During Synthesis                                        ; Normal compilation ; Normal compilation ;
; HDL message level                                                          ; Level2             ; Level2             ;
; Suppress Register Optimization Related Messages                            ; Off                ; Off                ;
; Number of Removed Registers Reported in Synthesis Report                   ; 5000               ; 5000               ;
; Number of Swept Nodes Reported in Synthesis Report                         ; 5000               ; 5000               ;
; Number of Inverted Registers Reported in Synthesis Report                  ; 100                ; 100                ;
; Clock MUX Protection                                                       ; On                 ; On                 ;
; Auto Gated Clock Conversion                                                ; Off                ; Off                ;
; Block Design Naming                                                        ; Auto               ; Auto               ;
; SDC constraint protection                                                  ; Off                ; Off                ;
; Synthesis Effort                                                           ; Auto               ; Auto               ;
; Shift Register Replacement - Allow Asynchronous Clear Signal               ; On                 ; On                 ;
; Pre-Mapping Resynthesis Optimization                                       ; Off                ; Off                ;
; Analysis & Synthesis Message Level                                         ; Medium             ; Medium             ;
; Disable Register Merging Across Hierarchies                                ; Auto               ; Auto               ;
; Resource Aware Inference For Block RAM                                     ; On                 ; On                 ;
+----------------------------------------------------------------------------+--------------------+--------------------+


+------------------------------------------+
; Parallel Compilation                     ;
+----------------------------+-------------+
; Processors                 ; Number      ;
+----------------------------+-------------+
; Number detected on machine ; 4           ;
; Maximum allowed            ; 4           ;
;                            ;             ;
; Average used               ; 1.00        ;
; Maximum used               ; 4           ;
;                            ;             ;
; Usage by Processor         ; % Time Used ;
;     Processor 1            ; 100.0%      ;
;     Processor 2            ;   0.0%      ;
;     Processors 3-4         ;   0.0%      ;
+----------------------------+-------------+


+----------------------------------------------------------------------------------------------------------------------------------------------------+
; Analysis & Synthesis Source Files Read                                                                                                             ;
+----------------------------------+-----------------+-----------------+-------------------------------------------------------------------+---------+
; File Name with User-Entered Path ; Used in Netlist ; File Type       ; File Name with Absolute Path                                      ; Library ;
+----------------------------------+-----------------+-----------------+-------------------------------------------------------------------+---------+
; top_level.vhd                    ; yes             ; User VHDL File  ; C:/Users/Johnny Li/Desktop/QuartusDD/Lab4/FSM_top/top_level.vhd   ;         ;
; gray2.vhd                        ; yes             ; User VHDL File  ; C:/Users/Johnny Li/Desktop/QuartusDD/Lab4/FSM_top/gray2.vhd       ;         ;
; decoder7seg.vhd                  ; yes             ; User VHDL File  ; C:/Users/Johnny Li/Desktop/QuartusDD/Lab4/FSM_top/decoder7seg.vhd ;         ;
; counter.vhd                      ; yes             ; User VHDL File  ; C:/Users/Johnny Li/Desktop/QuartusDD/Lab4/FSM_top/counter.vhd     ;         ;
; clk_gen.vhd                      ; yes             ; User VHDL File  ; C:/Users/Johnny Li/Desktop/QuartusDD/Lab4/FSM_top/clk_gen.vhd     ;         ;
; clk_div.vhd                      ; yes             ; User VHDL File  ; C:/Users/Johnny Li/Desktop/QuartusDD/Lab4/FSM_top/clk_div.vhd     ;         ;
+----------------------------------+-----------------+-----------------+-------------------------------------------------------------------+---------+


+---------------------------------------------------------------+
; Analysis & Synthesis Resource Usage Summary                   ;
+---------------------------------------------+-----------------+
; Resource                                    ; Usage           ;
+---------------------------------------------+-----------------+
; Estimated Total logic elements              ; 149             ;
;                                             ;                 ;
; Total combinational functions               ; 149             ;
; Logic element usage by number of LUT inputs ;                 ;
;     -- 4 input functions                    ; 36              ;
;     -- 3 input functions                    ; 50              ;
;     -- <=2 input functions                  ; 63              ;
;                                             ;                 ;
; Logic elements by mode                      ;                 ;
;     -- normal mode                          ; 100             ;
;     -- arithmetic mode                      ; 49              ;
;                                             ;                 ;
; Total registers                             ; 70              ;
;     -- Dedicated logic registers            ; 70              ;
;     -- I/O registers                        ; 0               ;
;                                             ;                 ;
; I/O pins                                    ; 62              ;
;                                             ;                 ;
; Embedded Multiplier 9-bit elements          ; 0               ;
;                                             ;                 ;
; Maximum fan-out node                        ; switch[2]~input ;
; Maximum fan-out                             ; 70              ;
; Total fan-out                               ; 713             ;
; Average fan-out                             ; 2.08            ;
+---------------------------------------------+-----------------+


+----------------------------------------------------------------------------------------------------------------------------------------------------------------------------------------------------------------------------------------------------------+
; Analysis & Synthesis Resource Utilization by Entity                                                                                                                                                                                                      ;
+----------------------------+---------------------+---------------------------+-------------+------------+--------------+---------+-----------+------+--------------+------------+-------------------------------------------+-------------+--------------+
; Compilation Hierarchy Node ; Combinational ALUTs ; Dedicated Logic Registers ; Memory Bits ; UFM Blocks ; DSP Elements ; DSP 9x9 ; DSP 18x18 ; Pins ; Virtual Pins ; ADC blocks ; Full Hierarchy Name                       ; Entity Name ; Library Name ;
+----------------------------+---------------------+---------------------------+-------------+------------+--------------+---------+-----------+------+--------------+------------+-------------------------------------------+-------------+--------------+
; |top_level                 ; 149 (0)             ; 70 (0)                    ; 0           ; 0          ; 0            ; 0       ; 0         ; 62   ; 0            ; 0          ; |top_level                                ; top_level   ; work         ;
;    |clk_gen:U_CLK_GEN|     ; 103 (76)            ; 50 (33)                   ; 0           ; 0          ; 0            ; 0       ; 0         ; 0    ; 0            ; 0          ; |top_level|clk_gen:U_CLK_GEN              ; clk_gen     ; work         ;
;       |clk_div:U_CD|       ; 27 (27)             ; 17 (17)                   ; 0           ; 0          ; 0            ; 0       ; 0         ; 0    ; 0            ; 0          ; |top_level|clk_gen:U_CLK_GEN|clk_div:U_CD ; clk_div     ; work         ;
;    |counter:U_COUNTER|     ; 6 (6)               ; 4 (4)                     ; 0           ; 0          ; 0            ; 0       ; 0         ; 0    ; 0            ; 0          ; |top_level|counter:U_COUNTER              ; counter     ; work         ;
;    |decoder7seg:U_LED4|    ; 7 (7)               ; 0 (0)                     ; 0           ; 0          ; 0            ; 0       ; 0         ; 0    ; 0            ; 0          ; |top_level|decoder7seg:U_LED4             ; decoder7seg ; work         ;
;    |decoder7seg:U_LED5|    ; 7 (7)               ; 0 (0)                     ; 0           ; 0          ; 0            ; 0       ; 0         ; 0    ; 0            ; 0          ; |top_level|decoder7seg:U_LED5             ; decoder7seg ; work         ;
;    |gray2:U_GRAY|          ; 26 (26)             ; 16 (16)                   ; 0           ; 0          ; 0            ; 0       ; 0         ; 0    ; 0            ; 0          ; |top_level|gray2:U_GRAY                   ; gray2       ; work         ;
+----------------------------+---------------------+---------------------------+-------------+------------+--------------+---------+-----------+------+--------------+------------+-------------------------------------------+-------------+--------------+
Note: For table entries with two numbers listed, the numbers in parentheses indicate the number of resources of the given type used by the specific entity alone. The numbers listed outside of parentheses indicate the total resources of the given type used by the specific entity and all of its sub-entities in the hierarchy.


Encoding Type:  One-Hot
+-------------------------------------------------------------------------------------------------------------------------------------------------------------------------------------------------+
; State Machine - |top_level|gray2:U_GRAY|state                                                                                                                                                   ;
+-----------+-----------+-----------+-----------+-----------+-----------+-----------+----------+----------+----------+----------+----------+----------+----------+----------+----------+----------+
; Name      ; state.s15 ; state.s14 ; state.s13 ; state.s12 ; state.s11 ; state.s10 ; state.s9 ; state.s8 ; state.s7 ; state.s6 ; state.s5 ; state.s4 ; state.s3 ; state.s2 ; state.s1 ; state.s0 ;
+-----------+-----------+-----------+-----------+-----------+-----------+-----------+----------+----------+----------+----------+----------+----------+----------+----------+----------+----------+
; state.s0  ; 0         ; 0         ; 0         ; 0         ; 0         ; 0         ; 0        ; 0        ; 0        ; 0        ; 0        ; 0        ; 0        ; 0        ; 0        ; 0        ;
; state.s1  ; 0         ; 0         ; 0         ; 0         ; 0         ; 0         ; 0        ; 0        ; 0        ; 0        ; 0        ; 0        ; 0        ; 0        ; 1        ; 1        ;
; state.s2  ; 0         ; 0         ; 0         ; 0         ; 0         ; 0         ; 0        ; 0        ; 0        ; 0        ; 0        ; 0        ; 0        ; 1        ; 0        ; 1        ;
; state.s3  ; 0         ; 0         ; 0         ; 0         ; 0         ; 0         ; 0        ; 0        ; 0        ; 0        ; 0        ; 0        ; 1        ; 0        ; 0        ; 1        ;
; state.s4  ; 0         ; 0         ; 0         ; 0         ; 0         ; 0         ; 0        ; 0        ; 0        ; 0        ; 0        ; 1        ; 0        ; 0        ; 0        ; 1        ;
; state.s5  ; 0         ; 0         ; 0         ; 0         ; 0         ; 0         ; 0        ; 0        ; 0        ; 0        ; 1        ; 0        ; 0        ; 0        ; 0        ; 1        ;
; state.s6  ; 0         ; 0         ; 0         ; 0         ; 0         ; 0         ; 0        ; 0        ; 0        ; 1        ; 0        ; 0        ; 0        ; 0        ; 0        ; 1        ;
; state.s7  ; 0         ; 0         ; 0         ; 0         ; 0         ; 0         ; 0        ; 0        ; 1        ; 0        ; 0        ; 0        ; 0        ; 0        ; 0        ; 1        ;
; state.s8  ; 0         ; 0         ; 0         ; 0         ; 0         ; 0         ; 0        ; 1        ; 0        ; 0        ; 0        ; 0        ; 0        ; 0        ; 0        ; 1        ;
; state.s9  ; 0         ; 0         ; 0         ; 0         ; 0         ; 0         ; 1        ; 0        ; 0        ; 0        ; 0        ; 0        ; 0        ; 0        ; 0        ; 1        ;
; state.s10 ; 0         ; 0         ; 0         ; 0         ; 0         ; 1         ; 0        ; 0        ; 0        ; 0        ; 0        ; 0        ; 0        ; 0        ; 0        ; 1        ;
; state.s11 ; 0         ; 0         ; 0         ; 0         ; 1         ; 0         ; 0        ; 0        ; 0        ; 0        ; 0        ; 0        ; 0        ; 0        ; 0        ; 1        ;
; state.s12 ; 0         ; 0         ; 0         ; 1         ; 0         ; 0         ; 0        ; 0        ; 0        ; 0        ; 0        ; 0        ; 0        ; 0        ; 0        ; 1        ;
; state.s13 ; 0         ; 0         ; 1         ; 0         ; 0         ; 0         ; 0        ; 0        ; 0        ; 0        ; 0        ; 0        ; 0        ; 0        ; 0        ; 1        ;
; state.s14 ; 0         ; 1         ; 0         ; 0         ; 0         ; 0         ; 0        ; 0        ; 0        ; 0        ; 0        ; 0        ; 0        ; 0        ; 0        ; 1        ;
; state.s15 ; 1         ; 0         ; 0         ; 0         ; 0         ; 0         ; 0        ; 0        ; 0        ; 0        ; 0        ; 0        ; 0        ; 0        ; 0        ; 1        ;
+-----------+-----------+-----------+-----------+-----------+-----------+-----------+----------+----------+----------+----------+----------+----------+----------+----------+----------+----------+


+------------------------------------------------------+
; General Register Statistics                          ;
+----------------------------------------------+-------+
; Statistic                                    ; Value ;
+----------------------------------------------+-------+
; Total registers                              ; 70    ;
; Number of registers using Synchronous Clear  ; 0     ;
; Number of registers using Synchronous Load   ; 3     ;
; Number of registers using Asynchronous Clear ; 70    ;
; Number of registers using Asynchronous Load  ; 0     ;
; Number of registers using Clock Enable       ; 3     ;
; Number of registers using Preset             ; 0     ;
+----------------------------------------------+-------+


+---------------------------------------------------------------------------------------------------------------------------------------------------+
; Multiplexer Restructuring Statistics (Restructuring Performed)                                                                                    ;
+--------------------+-----------+---------------+----------------------+------------------------+------------+-------------------------------------+
; Multiplexer Inputs ; Bus Width ; Baseline Area ; Area if Restructured ; Saving if Restructured ; Registered ; Example Multiplexer Output          ;
+--------------------+-----------+---------------+----------------------+------------------------+------------+-------------------------------------+
; 3:1                ; 4 bits    ; 8 LEs         ; 4 LEs                ; 4 LEs                  ; Yes        ; |top_level|counter:U_COUNTER|cnt[3] ;
; 3:1                ; 30 bits   ; 60 LEs        ; 30 LEs               ; 30 LEs                 ; Yes        ; |top_level|clk_gen:U_CLK_GEN|cnt[2] ;
; 3:1                ; 2 bits    ; 4 LEs         ; 4 LEs                ; 0 LEs                  ; Yes        ; |top_level|clk_gen:U_CLK_GEN|cnt[0] ;
+--------------------+-----------+---------------+----------------------+------------------------+------------+-------------------------------------+


+----------------------------------------------------------------+
; Parameter Settings for User Entity Instance: clk_gen:U_CLK_GEN ;
+----------------+-------+---------------------------------------+
; Parameter Name ; Value ; Type                                  ;
+----------------+-------+---------------------------------------+
; ms_period      ; 1000  ; Signed Integer                        ;
+----------------+-------+---------------------------------------+
Note: In order to hide this table in the UI and the text report file, please set the "Show Parameter Settings in Synthesis Report" option in "Analysis and Synthesis Settings -> More Settings" to "Off".


+-----------------------------------------------------------------------------+
; Parameter Settings for User Entity Instance: clk_gen:U_CLK_GEN|clk_div:U_CD ;
+----------------+----------+-------------------------------------------------+
; Parameter Name ; Value    ; Type                                            ;
+----------------+----------+-------------------------------------------------+
; clk_in_freq    ; 50000000 ; Signed Integer                                  ;
; clk_out_freq   ; 1000     ; Signed Integer                                  ;
+----------------+----------+-------------------------------------------------+
Note: In order to hide this table in the UI and the text report file, please set the "Show Parameter Settings in Synthesis Report" option in "Analysis and Synthesis Settings -> More Settings" to "Off".


+------------------------------------------------+
; Port Connectivity Checks: "decoder7seg:U_LED0" ;
+-------+-------+----------+---------------------+
; Port  ; Type  ; Severity ; Details             ;
+-------+-------+----------+---------------------+
; input ; Input ; Info     ; Stuck at GND        ;
+-------+-------+----------+---------------------+


+------------------------------------------------+
; Port Connectivity Checks: "decoder7seg:U_LED1" ;
+-------+-------+----------+---------------------+
; Port  ; Type  ; Severity ; Details             ;
+-------+-------+----------+---------------------+
; input ; Input ; Info     ; Stuck at GND        ;
+-------+-------+----------+---------------------+


+------------------------------------------------+
; Port Connectivity Checks: "decoder7seg:U_LED2" ;
+-------+-------+----------+---------------------+
; Port  ; Type  ; Severity ; Details             ;
+-------+-------+----------+---------------------+
; input ; Input ; Info     ; Stuck at GND        ;
+-------+-------+----------+---------------------+


+------------------------------------------------+
; Port Connectivity Checks: "decoder7seg:U_LED3" ;
+-------+-------+----------+---------------------+
; Port  ; Type  ; Severity ; Details             ;
+-------+-------+----------+---------------------+
; input ; Input ; Info     ; Stuck at GND        ;
+-------+-------+----------+---------------------+


+-----------------------------------------------------+
; Post-Synthesis Netlist Statistics for Top Partition ;
+-----------------------+-----------------------------+
; Type                  ; Count                       ;
+-----------------------+-----------------------------+
; boundary_port         ; 62                          ;
; cycloneiii_ff         ; 70                          ;
;     CLR               ; 67                          ;
;     ENA CLR SLD       ; 3                           ;
; cycloneiii_lcell_comb ; 155                         ;
;     arith             ; 49                          ;
;         2 data inputs ; 47                          ;
;         3 data inputs ; 2                           ;
;     normal            ; 106                         ;
;         0 data inputs ; 2                           ;
;         1 data inputs ; 6                           ;
;         2 data inputs ; 14                          ;
;         3 data inputs ; 48                          ;
;         4 data inputs ; 36                          ;
;                       ;                             ;
; Max LUT depth         ; 5.10                        ;
; Average LUT depth     ; 3.33                        ;
+-----------------------+-----------------------------+


+-------------------------------+
; Elapsed Time Per Partition    ;
+----------------+--------------+
; Partition Name ; Elapsed Time ;
+----------------+--------------+
; Top            ; 00:00:08     ;
+----------------+--------------+


+-------------------------------+
; Analysis & Synthesis Messages ;
+-------------------------------+
Info: *******************************************************************
Info: Running Quartus Prime Analysis & Synthesis
    Info: Version 17.1.0 Build 590 10/25/2017 SJ Lite Edition
    Info: Processing started: Mon Oct 12 12:48:33 2020
Info: Command: quartus_map --read_settings_files=on --write_settings_files=off FSM_top -c FSM_top
Warning (18236): Number of processors has not been specified which may cause overloading on shared machines.  Set the global assignment NUM_PARALLEL_PROCESSORS in your QSF to an appropriate value for best performance.
Info (20030): Parallel compilation is enabled and will use 4 of the 4 processors detected
Info (12021): Found 1 design units, including 1 entities, in source file de10_lite_golden_top.v
    Info (12023): Found entity 1: DE10_LITE_Golden_Top File: C:/Users/Johnny Li/Desktop/QuartusDD/Lab4/FSM_top/DE10_LITE_Golden_Top.v Line: 29
Info (12021): Found 2 design units, including 1 entities, in source file top_level.vhd
    Info (12022): Found design unit 1: top_level-STR File: C:/Users/Johnny Li/Desktop/QuartusDD/Lab4/FSM_top/top_level.vhd Line: 39
    Info (12023): Found entity 1: top_level File: C:/Users/Johnny Li/Desktop/QuartusDD/Lab4/FSM_top/top_level.vhd Line: 18
Info (12021): Found 2 design units, including 1 entities, in source file gray2.vhd
    Info (12022): Found design unit 1: gray2-bhv File: C:/Users/Johnny Li/Desktop/QuartusDD/Lab4/FSM_top/gray2.vhd Line: 19
    Info (12023): Found entity 1: gray2 File: C:/Users/Johnny Li/Desktop/QuartusDD/Lab4/FSM_top/gray2.vhd Line: 11
Info (12021): Found 2 design units, including 1 entities, in source file decoder7seg.vhd
    Info (12022): Found design unit 1: decoder7seg-BHV File: C:/Users/Johnny Li/Desktop/QuartusDD/Lab4/FSM_top/decoder7seg.vhd Line: 10
    Info (12023): Found entity 1: decoder7seg File: C:/Users/Johnny Li/Desktop/QuartusDD/Lab4/FSM_top/decoder7seg.vhd Line: 4
Info (12021): Found 2 design units, including 1 entities, in source file counter.vhd
    Info (12022): Found design unit 1: counter-bhv File: C:/Users/Johnny Li/Desktop/QuartusDD/Lab4/FSM_top/counter.vhd Line: 18
    Info (12023): Found entity 1: counter File: C:/Users/Johnny Li/Desktop/QuartusDD/Lab4/FSM_top/counter.vhd Line: 7
Info (12021): Found 2 design units, including 1 entities, in source file clk_gen.vhd
    Info (12022): Found design unit 1: clk_gen-bhv File: C:/Users/Johnny Li/Desktop/QuartusDD/Lab4/FSM_top/clk_gen.vhd Line: 22
    Info (12023): Found entity 1: clk_gen File: C:/Users/Johnny Li/Desktop/QuartusDD/Lab4/FSM_top/clk_gen.vhd Line: 11
Info (12021): Found 2 design units, including 1 entities, in source file clk_div.vhd
    Info (12022): Found design unit 1: clk_div-bhv File: C:/Users/Johnny Li/Desktop/QuartusDD/Lab4/FSM_top/clk_div.vhd Line: 22
    Info (12023): Found entity 1: clk_div File: C:/Users/Johnny Li/Desktop/QuartusDD/Lab4/FSM_top/clk_div.vhd Line: 10
Info (12127): Elaborating entity "top_level" for the top level hierarchy
Info (12128): Elaborating entity "gray2" for hierarchy "gray2:U_GRAY" File: C:/Users/Johnny Li/Desktop/QuartusDD/Lab4/FSM_top/top_level.vhd Line: 85
Info (12128): Elaborating entity "counter" for hierarchy "counter:U_COUNTER" File: C:/Users/Johnny Li/Desktop/QuartusDD/Lab4/FSM_top/top_level.vhd Line: 91
Info (12128): Elaborating entity "clk_gen" for hierarchy "clk_gen:U_CLK_GEN" File: C:/Users/Johnny Li/Desktop/QuartusDD/Lab4/FSM_top/top_level.vhd Line: 100
Info (12128): Elaborating entity "clk_div" for hierarchy "clk_gen:U_CLK_GEN|clk_div:U_CD" File: C:/Users/Johnny Li/Desktop/QuartusDD/Lab4/FSM_top/clk_gen.vhd Line: 29
Info (12128): Elaborating entity "decoder7seg" for hierarchy "decoder7seg:U_LED5" File: C:/Users/Johnny Li/Desktop/QuartusDD/Lab4/FSM_top/top_level.vhd Line: 109
Warning (13024): Output pins are stuck at VCC or GND
    Warning (13410): Pin "led0[0]" is stuck at VCC File: C:/Users/Johnny Li/Desktop/QuartusDD/Lab4/FSM_top/top_level.vhd Line: 24
    Warning (13410): Pin "led0[1]" is stuck at GND File: C:/Users/Johnny Li/Desktop/QuartusDD/Lab4/FSM_top/top_level.vhd Line: 24
    Warning (13410): Pin "led0[2]" is stuck at GND File: C:/Users/Johnny Li/Desktop/QuartusDD/Lab4/FSM_top/top_level.vhd Line: 24
    Warning (13410): Pin "led0[3]" is stuck at GND File: C:/Users/Johnny Li/Desktop/QuartusDD/Lab4/FSM_top/top_level.vhd Line: 24
    Warning (13410): Pin "led0[4]" is stuck at GND File: C:/Users/Johnny Li/Desktop/QuartusDD/Lab4/FSM_top/top_level.vhd Line: 24
    Warning (13410): Pin "led0[5]" is stuck at GND File: C:/Users/Johnny Li/Desktop/QuartusDD/Lab4/FSM_top/top_level.vhd Line: 24
    Warning (13410): Pin "led0[6]" is stuck at GND File: C:/Users/Johnny Li/Desktop/QuartusDD/Lab4/FSM_top/top_level.vhd Line: 24
    Warning (13410): Pin "led0_dp" is stuck at VCC File: C:/Users/Johnny Li/Desktop/QuartusDD/Lab4/FSM_top/top_level.vhd Line: 25
    Warning (13410): Pin "led1[0]" is stuck at VCC File: C:/Users/Johnny Li/Desktop/QuartusDD/Lab4/FSM_top/top_level.vhd Line: 26
    Warning (13410): Pin "led1[1]" is stuck at GND File: C:/Users/Johnny Li/Desktop/QuartusDD/Lab4/FSM_top/top_level.vhd Line: 26
    Warning (13410): Pin "led1[2]" is stuck at GND File: C:/Users/Johnny Li/Desktop/QuartusDD/Lab4/FSM_top/top_level.vhd Line: 26
    Warning (13410): Pin "led1[3]" is stuck at GND File: C:/Users/Johnny Li/Desktop/QuartusDD/Lab4/FSM_top/top_level.vhd Line: 26
    Warning (13410): Pin "led1[4]" is stuck at GND File: C:/Users/Johnny Li/Desktop/QuartusDD/Lab4/FSM_top/top_level.vhd Line: 26
    Warning (13410): Pin "led1[5]" is stuck at GND File: C:/Users/Johnny Li/Desktop/QuartusDD/Lab4/FSM_top/top_level.vhd Line: 26
    Warning (13410): Pin "led1[6]" is stuck at GND File: C:/Users/Johnny Li/Desktop/QuartusDD/Lab4/FSM_top/top_level.vhd Line: 26
    Warning (13410): Pin "led1_dp" is stuck at VCC File: C:/Users/Johnny Li/Desktop/QuartusDD/Lab4/FSM_top/top_level.vhd Line: 27
    Warning (13410): Pin "led2[0]" is stuck at VCC File: C:/Users/Johnny Li/Desktop/QuartusDD/Lab4/FSM_top/top_level.vhd Line: 28
    Warning (13410): Pin "led2[1]" is stuck at GND File: C:/Users/Johnny Li/Desktop/QuartusDD/Lab4/FSM_top/top_level.vhd Line: 28
    Warning (13410): Pin "led2[2]" is stuck at GND File: C:/Users/Johnny Li/Desktop/QuartusDD/Lab4/FSM_top/top_level.vhd Line: 28
    Warning (13410): Pin "led2[3]" is stuck at GND File: C:/Users/Johnny Li/Desktop/QuartusDD/Lab4/FSM_top/top_level.vhd Line: 28
    Warning (13410): Pin "led2[4]" is stuck at GND File: C:/Users/Johnny Li/Desktop/QuartusDD/Lab4/FSM_top/top_level.vhd Line: 28
    Warning (13410): Pin "led2[5]" is stuck at GND File: C:/Users/Johnny Li/Desktop/QuartusDD/Lab4/FSM_top/top_level.vhd Line: 28
    Warning (13410): Pin "led2[6]" is stuck at GND File: C:/Users/Johnny Li/Desktop/QuartusDD/Lab4/FSM_top/top_level.vhd Line: 28
    Warning (13410): Pin "led2_dp" is stuck at VCC File: C:/Users/Johnny Li/Desktop/QuartusDD/Lab4/FSM_top/top_level.vhd Line: 29
    Warning (13410): Pin "led3[0]" is stuck at VCC File: C:/Users/Johnny Li/Desktop/QuartusDD/Lab4/FSM_top/top_level.vhd Line: 30
    Warning (13410): Pin "led3[1]" is stuck at GND File: C:/Users/Johnny Li/Desktop/QuartusDD/Lab4/FSM_top/top_level.vhd Line: 30
    Warning (13410): Pin "led3[2]" is stuck at GND File: C:/Users/Johnny Li/Desktop/QuartusDD/Lab4/FSM_top/top_level.vhd Line: 30
    Warning (13410): Pin "led3[3]" is stuck at GND File: C:/Users/Johnny Li/Desktop/QuartusDD/Lab4/FSM_top/top_level.vhd Line: 30
    Warning (13410): Pin "led3[4]" is stuck at GND File: C:/Users/Johnny Li/Desktop/QuartusDD/Lab4/FSM_top/top_level.vhd Line: 30
    Warning (13410): Pin "led3[5]" is stuck at GND File: C:/Users/Johnny Li/Desktop/QuartusDD/Lab4/FSM_top/top_level.vhd Line: 30
    Warning (13410): Pin "led3[6]" is stuck at GND File: C:/Users/Johnny Li/Desktop/QuartusDD/Lab4/FSM_top/top_level.vhd Line: 30
    Warning (13410): Pin "led3_dp" is stuck at VCC File: C:/Users/Johnny Li/Desktop/QuartusDD/Lab4/FSM_top/top_level.vhd Line: 31
    Warning (13410): Pin "led4_dp" is stuck at VCC File: C:/Users/Johnny Li/Desktop/QuartusDD/Lab4/FSM_top/top_level.vhd Line: 33
    Warning (13410): Pin "led5_dp" is stuck at VCC File: C:/Users/Johnny Li/Desktop/QuartusDD/Lab4/FSM_top/top_level.vhd Line: 35
Info (286030): Timing-Driven Synthesis is running
Critical Warning (18061): Ignored Power-Up Level option on the following registers
    Critical Warning (18010): Register clk_gen:U_CLK_GEN|cnt[0] will power up to Low File: C:/Users/Johnny Li/Desktop/QuartusDD/Lab4/FSM_top/clk_gen.vhd Line: 42
    Critical Warning (18010): Register clk_gen:U_CLK_GEN|cnt[31] will power up to Low File: C:/Users/Johnny Li/Desktop/QuartusDD/Lab4/FSM_top/clk_gen.vhd Line: 42
Info (16010): Generating hard_block partition "hard_block:auto_generated_inst"
    Info (16011): Adding 0 node(s), including 0 DDIO, 0 PLL, 0 transceiver and 0 LCELL
Warning (21074): Design contains 4 input pin(s) that do not drive logic
    Warning (15610): No output dependent on input pin "rst" File: C:/Users/Johnny Li/Desktop/QuartusDD/Lab4/FSM_top/top_level.vhd Line: 21
    Warning (15610): No output dependent on input pin "switch[0]" File: C:/Users/Johnny Li/Desktop/QuartusDD/Lab4/FSM_top/top_level.vhd Line: 22
    Warning (15610): No output dependent on input pin "switch[1]" File: C:/Users/Johnny Li/Desktop/QuartusDD/Lab4/FSM_top/top_level.vhd Line: 22
    Warning (15610): No output dependent on input pin "button[0]" File: C:/Users/Johnny Li/Desktop/QuartusDD/Lab4/FSM_top/top_level.vhd Line: 23
Info (21057): Implemented 212 device resources after synthesis - the final resource count might be different
    Info (21058): Implemented 14 input pins
    Info (21059): Implemented 48 output pins
    Info (21061): Implemented 150 logic cells
Info: Quartus Prime Analysis & Synthesis was successful. 0 errors, 44 warnings
    Info: Peak virtual memory: 4791 megabytes
    Info: Processing ended: Mon Oct 12 12:49:56 2020
    Info: Elapsed time: 00:01:23
    Info: Total CPU time (on all processors): 00:01:39


